\BOOKMARK [0][-]{chapter.1}{\376\377\0001\000\040\000i\000Z\000p\000r\000i\000m\000e\000\040\000U\000s\000e\000r\000\040\000M\000a\000n\000u\000a\000l\000\040}{}% 1
\BOOKMARK [1][-]{section.1.1}{\376\377\0001\000.\0001\000\040\000W\000h\000a\000t\000\040\000t\000h\000i\000s\000\040\000m\000a\000n\000u\000a\000l\000\040\000c\000o\000v\000e\000r\000s}{chapter.1}% 2
\BOOKMARK [1][-]{section.1.2}{\376\377\0001\000.\0002\000\040\000R\000e\000l\000a\000t\000e\000d\000\040\000p\000r\000o\000j\000e\000c\000t\000\040\000d\000o\000c\000s}{chapter.1}% 3
\BOOKMARK [0][-]{chapter.2}{\376\377\0002\000\040\000B\000e\000n\000c\000h\000m\000a\000r\000k\000s\000\040}{}% 4
\BOOKMARK [1][-]{section.2.1}{\376\377\0002\000.\0001\000\040\0001\000.\000\040\000R\000u\000n\000\040\000B\000e\000n\000c\000h\000m\000a\000r\000k\000s}{chapter.2}% 5
\BOOKMARK [1][-]{section.2.2}{\376\377\0002\000.\0002\000\040\0002\000.\000\040\000R\000e\000s\000u\000l\000t\000\040\000F\000i\000l\000e\000s\000\040\000U\000s\000e\000d\000\040\000I\000n\000\040\000T\000h\000i\000s\000\040\000S\000n\000a\000p\000s\000h\000o\000t}{chapter.2}% 6
\BOOKMARK [1][-]{section.2.3}{\376\377\0002\000.\0003\000\040\0003\000.\000\040\000S\000i\000e\000v\000e\000\040\000B\000e\000n\000c\000h\000m\000a\000r\000k\000\040\000T\000a\000b\000l\000e\000\040\000a\000n\000d\000\040\000P\000l\000o\000t}{chapter.2}% 7
\BOOKMARK [1][-]{section.2.4}{\376\377\0002\000.\0004\000\040\0004\000.\000\040\000P\000r\000i\000m\000e\000\040\000G\000e\000n\000e\000r\000a\000t\000i\000o\000n\000\040\000B\000e\000n\000c\000h\000m\000a\000r\000k\000\040\000T\000a\000b\000l\000e}{chapter.2}% 8
\BOOKMARK [1][-]{section.2.5}{\376\377\0002\000.\0005\000\040\0005\000.\000\040\000P\000l\000o\000t\000\040\000A\000r\000t\000i\000f\000a\000c\000t\000s}{chapter.2}% 9
\BOOKMARK [2][-]{subsection.2.5.1}{\376\377\0002\000.\0005\000.\0001\000\040\000P\000r\000i\000m\000e\000\040\000g\000e\000n\000e\000r\000a\000t\000i\000o\000n\000\040\000p\000l\000o\000t\000s}{section.2.5}% 10
\BOOKMARK [1][-]{section.2.6}{\376\377\0002\000.\0006\000\040\0006\000.\000\040\000S\000i\000Z\000\137\000c\000o\000u\000n\000t\000\040\000B\000e\000n\000c\000h\000m\000a\000r\000k\000\040\000T\000a\000b\000l\000e}{chapter.2}% 11
\BOOKMARK [1][-]{section.2.7}{\376\377\0002\000.\0007\000\040\0007\000.\000\040\000P\000l\000o\000t\000\040\000F\000r\000o\000m\000\040\000T\000e\000r\000m\000i\000n\000a\000l\000\040\000\050\000I\000n\000t\000e\000r\000a\000c\000t\000i\000v\000e\000\040\000P\000r\000o\000m\000p\000t\000\051}{chapter.2}% 12
\BOOKMARK [0][-]{chapter.3}{\376\377\0003\000\040\000i\000z\000p\000r\000i\000m\000e\000\040\000C\000L\000I\000\040}{}% 13
\BOOKMARK [1][-]{section.3.1}{\376\377\0003\000.\0001\000\040\000B\000u\000i\000l\000d}{chapter.3}% 14
\BOOKMARK [1][-]{section.3.2}{\376\377\0003\000.\0002\000\040\000N\000u\000m\000e\000r\000i\000c\000\040\000i\000n\000p\000u\000t\000\040\000s\000y\000n\000t\000a\000x}{chapter.3}% 15
\BOOKMARK [1][-]{section.3.3}{\376\377\0003\000.\0003\000\040\000C\000o\000m\000m\000a\000n\000d\000s}{chapter.3}% 16
\BOOKMARK [1][-]{section.3.4}{\376\377\0003\000.\0004\000\040\000s\000t\000r\000e\000a\000m\000\137\000p\000r\000i\000m\000e\000s}{chapter.3}% 17
\BOOKMARK [1][-]{section.3.5}{\376\377\0003\000.\0005\000\040\000c\000o\000u\000n\000t\000\137\000p\000r\000i\000m\000e\000s}{chapter.3}% 18
\BOOKMARK [1][-]{section.3.6}{\376\377\0003\000.\0006\000\040\000n\000e\000x\000t\000\137\000p\000r\000i\000m\000e}{chapter.3}% 19
\BOOKMARK [1][-]{section.3.7}{\376\377\0003\000.\0007\000\040\000i\000s\000\137\000p\000r\000i\000m\000e}{chapter.3}% 20
\BOOKMARK [1][-]{section.3.8}{\376\377\0003\000.\0008\000\040\000E\000x\000i\000s\000t\000i\000n\000g\000\040\000m\000a\000i\000n\000t\000e\000n\000a\000n\000c\000e\000\040\000c\000o\000m\000m\000a\000n\000d\000s}{chapter.3}% 21
\BOOKMARK [0][-]{chapter.4}{\376\377\0004\000\040\000C\000o\000n\000t\000r\000i\000b\000u\000t\000i\000n\000g\000\040\000t\000o\000\040\000i\000Z\000p\000r\000i\000m\000e\000\040}{}% 22
\BOOKMARK [1][-]{section.4.1}{\376\377\0004\000.\0001\000\040\000S\000c\000o\000p\000e}{chapter.4}% 23
\BOOKMARK [1][-]{section.4.2}{\376\377\0004\000.\0002\000\040\000D\000e\000v\000e\000l\000o\000p\000m\000e\000n\000t\000\040\000S\000e\000t\000u\000p}{chapter.4}% 24
\BOOKMARK [1][-]{section.4.3}{\376\377\0004\000.\0003\000\040\000C\000o\000d\000e\000\040\000S\000t\000y\000l\000e}{chapter.4}% 25
\BOOKMARK [1][-]{section.4.4}{\376\377\0004\000.\0004\000\040\000V\000a\000l\000i\000d\000a\000t\000i\000o\000n\000\040\000R\000e\000q\000u\000i\000r\000e\000m\000e\000n\000t\000s}{chapter.4}% 26
\BOOKMARK [1][-]{section.4.5}{\376\377\0004\000.\0005\000\040\000B\000e\000n\000c\000h\000m\000a\000r\000k\000i\000n\000g\000\040\000E\000x\000p\000e\000c\000t\000a\000t\000i\000o\000n\000s}{chapter.4}% 27
\BOOKMARK [1][-]{section.4.6}{\376\377\0004\000.\0006\000\040\000P\000u\000l\000l\000\040\000R\000e\000q\000u\000e\000s\000t\000\040\000C\000h\000e\000c\000k\000l\000i\000s\000t}{chapter.4}% 28
\BOOKMARK [1][-]{section.4.7}{\376\377\0004\000.\0007\000\040\000A\000l\000g\000o\000r\000i\000t\000h\000m\000\040\000C\000o\000n\000t\000r\000i\000b\000u\000t\000i\000o\000n\000s}{chapter.4}% 29
\BOOKMARK [1][-]{section.4.8}{\376\377\0004\000.\0008\000\040\000R\000e\000v\000i\000e\000w\000\040\000S\000t\000a\000n\000d\000a\000r\000d}{chapter.4}% 30
\BOOKMARK [0][-]{chapter.5}{\376\377\0005\000\040\000M\000a\000k\000e\000f\000i\000l\000e\000\040\000d\000o\000c\000u\000m\000e\000n\000t\000a\000t\000i\000o\000n\000\040\000\050\000i\000Z\000p\000r\000i\000m\000e\000\051\000\040}{}% 31
\BOOKMARK [1][-]{section.5.1}{\376\377\0005\000.\0001\000\040\000Q\000u\000i\000c\000k\000\040\000s\000t\000a\000r\000t}{chapter.5}% 32
\BOOKMARK [1][-]{section.5.2}{\376\377\0005\000.\0002\000\040\000D\000e\000p\000e\000n\000d\000e\000n\000c\000i\000e\000s}{chapter.5}% 33
\BOOKMARK [1][-]{section.5.3}{\376\377\0005\000.\0003\000\040\000T\000a\000r\000g\000e\000t\000s}{chapter.5}% 34
\BOOKMARK [2][-]{subsection.5.3.1}{\376\377\0005\000.\0003\000.\0001\000\040\000B\000u\000i\000l\000d\000\040\000/\000\040\000r\000u\000n}{section.5.3}% 35
\BOOKMARK [2][-]{subsection.5.3.2}{\376\377\0005\000.\0003\000.\0002\000\040\000T\000e\000s\000t\000s}{section.5.3}% 36
\BOOKMARK [2][-]{subsection.5.3.3}{\376\377\0005\000.\0003\000.\0003\000\040\000B\000e\000n\000c\000h\000m\000a\000r\000k\000s}{section.5.3}% 37
\BOOKMARK [2][-]{subsection.5.3.4}{\376\377\0005\000.\0003\000.\0004\000\040\000E\000x\000a\000m\000p\000l\000e\000s}{section.5.3}% 38
\BOOKMARK [1][-]{section.5.4}{\376\377\0005\000.\0004\000\040\000C\000o\000n\000f\000i\000g\000u\000r\000a\000t\000i\000o\000n\000\040\000v\000a\000r\000i\000a\000b\000l\000e\000s}{chapter.5}% 39
\BOOKMARK [2][-]{subsection.5.4.1}{\376\377\0005\000.\0004\000.\0001\000\040\000L\000o\000c\000a\000l\000\040\000c\000o\000n\000f\000i\000g\000u\000r\000a\000t\000i\000o\000n\000\040\000f\000i\000l\000e}{section.5.4}% 40
\BOOKMARK [2][-]{subsection.5.4.2}{\376\377\0005\000.\0004\000.\0002\000\040\000D\000e\000p\000e\000n\000d\000e\000n\000c\000y\000\040\000d\000i\000s\000c\000o\000v\000e\000r\000y}{section.5.4}% 41
\BOOKMARK [2][-]{subsection.5.4.3}{\376\377\0005\000.\0004\000.\0003\000\040\000B\000u\000i\000l\000d\000\040\000t\000o\000g\000g\000l\000e\000s}{section.5.4}% 42
\BOOKMARK [2][-]{subsection.5.4.4}{\376\377\0005\000.\0004\000.\0004\000\040\000T\000e\000s\000t\000/\000b\000e\000n\000c\000h\000m\000a\000r\000k\000\040\000o\000p\000t\000i\000o\000n\000s}{section.5.4}% 43
\BOOKMARK [1][-]{section.5.5}{\376\377\0005\000.\0005\000\040\000C\000o\000m\000m\000o\000n\000\040\000r\000e\000c\000i\000p\000e\000s}{chapter.5}% 44
\BOOKMARK [1][-]{section.5.6}{\376\377\0005\000.\0006\000\040\000N\000o\000t\000e\000s\000\040\000o\000n\000\040\000o\000u\000t\000p\000u\000t\000s}{chapter.5}% 45
\BOOKMARK [0][-]{chapter.6}{\376\377\0006\000\040\000R\000e\000l\000e\000a\000s\000i\000n\000g\000\040\000i\000Z\000p\000r\000i\000m\000e\000\040}{}% 46
\BOOKMARK [1][-]{section.6.1}{\376\377\0006\000.\0001\000\040\000V\000e\000r\000s\000i\000o\000n\000i\000n\000g}{chapter.6}% 47
\BOOKMARK [1][-]{section.6.2}{\376\377\0006\000.\0002\000\040\000P\000r\000e\000-\000r\000e\000l\000e\000a\000s\000e\000\040\000G\000a\000t\000e}{chapter.6}% 48
\BOOKMARK [1][-]{section.6.3}{\376\377\0006\000.\0003\000\040\000C\000h\000a\000n\000g\000e\000l\000o\000g\000\040\000a\000n\000d\000\040\000R\000e\000l\000e\000a\000s\000e\000\040\000N\000o\000t\000e\000s}{chapter.6}% 49
\BOOKMARK [1][-]{section.6.4}{\376\377\0006\000.\0004\000\040\000T\000a\000g\000\040\000a\000n\000d\000\040\000P\000u\000b\000l\000i\000s\000h}{chapter.6}% 50
\BOOKMARK [1][-]{section.6.5}{\376\377\0006\000.\0005\000\040\000P\000o\000s\000t\000-\000r\000e\000l\000e\000a\000s\000e}{chapter.6}% 51
\BOOKMARK [0][-]{chapter.7}{\376\377\0007\000\040\000T\000e\000s\000t\000s\000\040}{}% 52
\BOOKMARK [1][-]{section.7.1}{\376\377\0007\000.\0001\000\040\0001\000.\000\040\000T\000e\000s\000t\000\040\000T\000a\000r\000g\000e\000t\000s}{chapter.7}% 53
\BOOKMARK [1][-]{section.7.2}{\376\377\0007\000.\0002\000\040\0002\000.\000\040\000W\000h\000a\000t\000\040\000E\000a\000c\000h\000\040\000T\000a\000r\000g\000e\000t\000\040\000R\000u\000n\000s}{chapter.7}% 54
\BOOKMARK [1][-]{section.7.3}{\376\377\0007\000.\0003\000\040\0003\000.\000\040\000C\000u\000r\000r\000e\000n\000t\000\040\000S\000n\000a\000p\000s\000h\000o\000t\000\040\000R\000e\000s\000u\000l\000t\000s}{chapter.7}% 55
\BOOKMARK [1][-]{section.7.4}{\376\377\0007\000.\0004\000\040\0004\000.\000\040\000S\000h\000o\000w\000\040\000R\000e\000s\000u\000l\000t\000s\000\040\000I\000n\000\040\000T\000e\000r\000m\000i\000n\000a\000l}{chapter.7}% 56
\BOOKMARK [1][-]{section.7.5}{\376\377\0007\000.\0005\000\040\0005\000.\000\040\000N\000o\000t\000e\000s}{chapter.7}% 57
\BOOKMARK [0][-]{chapter.8}{\376\377\0008\000\040\000T\000o\000p\000i\000c\000\040\000I\000n\000d\000e\000x}{}% 58
\BOOKMARK [1][-]{section.8.1}{\376\377\0008\000.\0001\000\040\000T\000o\000p\000i\000c\000s}{chapter.8}% 59
\BOOKMARK [0][-]{chapter.9}{\376\377\0009\000\040\000D\000a\000t\000a\000\040\000S\000t\000r\000u\000c\000t\000u\000r\000e\000\040\000I\000n\000d\000e\000x}{}% 60
\BOOKMARK [1][-]{section.9.1}{\376\377\0009\000.\0001\000\040\000D\000a\000t\000a\000\040\000S\000t\000r\000u\000c\000t\000u\000r\000e\000s}{chapter.9}% 61
\BOOKMARK [0][-]{chapter.10}{\376\377\0001\0000\000\040\000F\000i\000l\000e\000\040\000I\000n\000d\000e\000x}{}% 62
\BOOKMARK [1][-]{section.10.1}{\376\377\0001\0000\000.\0001\000\040\000F\000i\000l\000e\000\040\000L\000i\000s\000t}{chapter.10}% 63
\BOOKMARK [0][-]{chapter.11}{\376\377\0001\0001\000\040\000T\000o\000p\000i\000c\000\040\000D\000o\000c\000u\000m\000e\000n\000t\000a\000t\000i\000o\000n}{}% 64
\BOOKMARK [1][-]{section.11.1}{\376\377\0001\0001\000.\0001\000\040\000B\000i\000t\000m\000a\000p\000\040\000M\000o\000d\000u\000l\000e\000\040}{chapter.11}% 65
\BOOKMARK [2][-]{subsection.11.1.1}{\376\377\0001\0001\000.\0001\000.\0001\000\040\000D\000e\000t\000a\000i\000l\000e\000d\000\040\000D\000e\000s\000c\000r\000i\000p\000t\000i\000o\000n}{section.11.1}% 66
\BOOKMARK [2][-]{subsection.11.1.2}{\376\377\0001\0001\000.\0001\000.\0002\000\040\000F\000u\000n\000c\000t\000i\000o\000n\000\040\000D\000o\000c\000u\000m\000e\000n\000t\000a\000t\000i\000o\000n}{section.11.1}% 67
\BOOKMARK [3][-]{subsubsection.11.1.2.1}{\376\377\0001\0001\000.\0001\000.\0002\000.\0001\000\040\000b\000i\000t\000m\000a\000p\000\137\000c\000l\000e\000a\000r\000\137\000a\000l\000l\000\050\000\051}{subsection.11.1.2}% 68
\BOOKMARK [3][-]{subsubsection.11.1.2.2}{\376\377\0001\0001\000.\0001\000.\0002\000.\0002\000\040\000b\000i\000t\000m\000a\000p\000\137\000c\000l\000e\000a\000r\000\137\000b\000i\000t\000\050\000\051}{subsection.11.1.2}% 69
\BOOKMARK [3][-]{subsubsection.11.1.2.3}{\376\377\0001\0001\000.\0001\000.\0002\000.\0003\000\040\000b\000i\000t\000m\000a\000p\000\137\000c\000l\000e\000a\000r\000\137\000s\000t\000e\000p\000s\000\050\000\051}{subsection.11.1.2}% 70
\BOOKMARK [3][-]{subsubsection.11.1.2.4}{\376\377\0001\0001\000.\0001\000.\0002\000.\0004\000\040\000b\000i\000t\000m\000a\000p\000\137\000c\000l\000e\000a\000r\000\137\000s\000t\000e\000p\000s\000\137\000s\000i\000m\000d\000\050\000\051}{subsection.11.1.2}% 71
\BOOKMARK [3][-]{subsubsection.11.1.2.5}{\376\377\0001\0001\000.\0001\000.\0002\000.\0005\000\040\000b\000i\000t\000m\000a\000p\000\137\000c\000l\000o\000n\000e\000\050\000\051}{subsection.11.1.2}% 72
\BOOKMARK [3][-]{subsubsection.11.1.2.6}{\376\377\0001\0001\000.\0001\000.\0002\000.\0006\000\040\000b\000i\000t\000m\000a\000p\000\137\000c\000o\000m\000p\000u\000t\000e\000\137\000h\000a\000s\000h\000\050\000\051}{subsection.11.1.2}% 73
\BOOKMARK [3][-]{subsubsection.11.1.2.7}{\376\377\0001\0001\000.\0001\000.\0002\000.\0007\000\040\000b\000i\000t\000m\000a\000p\000\137\000f\000l\000i\000p\000\137\000b\000i\000t\000\050\000\051}{subsection.11.1.2}% 74
\BOOKMARK [3][-]{subsubsection.11.1.2.8}{\376\377\0001\0001\000.\0001\000.\0002\000.\0008\000\040\000b\000i\000t\000m\000a\000p\000\137\000f\000r\000e\000a\000d\000\050\000\051}{subsection.11.1.2}% 75
\BOOKMARK [3][-]{subsubsection.11.1.2.9}{\376\377\0001\0001\000.\0001\000.\0002\000.\0009\000\040\000b\000i\000t\000m\000a\000p\000\137\000f\000r\000e\000e\000\050\000\051}{subsection.11.1.2}% 76
\BOOKMARK [3][-]{subsubsection.11.1.2.10}{\376\377\0001\0001\000.\0001\000.\0002\000.\0001\0000\000\040\000b\000i\000t\000m\000a\000p\000\137\000f\000w\000r\000i\000t\000e\000\050\000\051}{subsection.11.1.2}% 77
\BOOKMARK [3][-]{subsubsection.11.1.2.11}{\376\377\0001\0001\000.\0001\000.\0002\000.\0001\0001\000\040\000b\000i\000t\000m\000a\000p\000\137\000g\000e\000t\000\137\000b\000i\000t\000\050\000\051}{subsection.11.1.2}% 78
\BOOKMARK [3][-]{subsubsection.11.1.2.12}{\376\377\0001\0001\000.\0001\000.\0002\000.\0001\0002\000\040\000b\000i\000t\000m\000a\000p\000\137\000i\000n\000i\000t\000\050\000\051}{subsection.11.1.2}% 79
\BOOKMARK [3][-]{subsubsection.11.1.2.13}{\376\377\0001\0001\000.\0001\000.\0002\000.\0001\0003\000\040\000b\000i\000t\000m\000a\000p\000\137\000s\000e\000t\000\137\000a\000l\000l\000\050\000\051}{subsection.11.1.2}% 80
\BOOKMARK [3][-]{subsubsection.11.1.2.14}{\376\377\0001\0001\000.\0001\000.\0002\000.\0001\0004\000\040\000b\000i\000t\000m\000a\000p\000\137\000s\000e\000t\000\137\000b\000i\000t\000\050\000\051}{subsection.11.1.2}% 81
\BOOKMARK [3][-]{subsubsection.11.1.2.15}{\376\377\0001\0001\000.\0001\000.\0002\000.\0001\0005\000\040\000b\000i\000t\000m\000a\000p\000\137\000v\000a\000l\000i\000d\000a\000t\000e\000\137\000h\000a\000s\000h\000\050\000\051}{subsection.11.1.2}% 82
\BOOKMARK [3][-]{subsubsection.11.1.2.16}{\376\377\0001\0001\000.\0001\000.\0002\000.\0001\0006\000\040\000T\000E\000S\000T\000\137\000B\000I\000T\000M\000A\000P\000\050\000\051}{subsection.11.1.2}% 83
\BOOKMARK [1][-]{section.11.2}{\376\377\0001\0001\000.\0002\000\040\000I\000n\000t\000e\000g\000e\000r\000\040\000A\000r\000r\000a\000y\000s\000\040}{chapter.11}% 84
\BOOKMARK [2][-]{subsection.11.2.1}{\376\377\0001\0001\000.\0002\000.\0001\000\040\000D\000e\000t\000a\000i\000l\000e\000d\000\040\000D\000e\000s\000c\000r\000i\000p\000t\000i\000o\000n}{section.11.2}% 85
\BOOKMARK [2][-]{subsection.11.2.2}{\376\377\0001\0001\000.\0002\000.\0002\000\040\000F\000u\000n\000c\000t\000i\000o\000n\000\040\000D\000o\000c\000u\000m\000e\000n\000t\000a\000t\000i\000o\000n}{section.11.2}% 86
\BOOKMARK [3][-]{subsubsection.11.2.2.1}{\376\377\0001\0001\000.\0002\000.\0002\000.\0001\000\040\000T\000E\000S\000T\000\137\000G\000E\000N\000E\000R\000I\000C\000\137\000I\000N\000T\000\137\000A\000R\000R\000A\000Y\000S\000\050\000\051}{subsection.11.2.2}% 87
\BOOKMARK [1][-]{section.11.3}{\376\377\0001\0001\000.\0003\000\040\000i\000Z\000\040\000P\000u\000b\000l\000i\000c\000\040\000A\000P\000I\000\040}{chapter.11}% 88
\BOOKMARK [2][-]{subsection.11.3.1}{\376\377\0001\0001\000.\0003\000.\0001\000\040\000D\000e\000t\000a\000i\000l\000e\000d\000\040\000D\000e\000s\000c\000r\000i\000p\000t\000i\000o\000n}{section.11.3}% 89
\BOOKMARK [2][-]{subsection.11.3.2}{\376\377\0001\0001\000.\0003\000.\0002\000\040\000T\000y\000p\000e\000d\000e\000f\000\040\000D\000o\000c\000u\000m\000e\000n\000t\000a\000t\000i\000o\000n}{section.11.3}% 90
\BOOKMARK [3][-]{subsubsection.11.3.2.1}{\376\377\0001\0001\000.\0003\000.\0002\000.\0001\000\040\000I\000N\000P\000U\000T\000\137\000S\000I\000E\000V\000E\000\137\000R\000A\000N\000G\000E}{subsection.11.3.2}% 91
\BOOKMARK [2][-]{subsection.11.3.3}{\376\377\0001\0001\000.\0003\000.\0003\000\040\000F\000u\000n\000c\000t\000i\000o\000n\000\040\000D\000o\000c\000u\000m\000e\000n\000t\000a\000t\000i\000o\000n}{section.11.3}% 92
\BOOKMARK [3][-]{subsubsection.11.3.3.1}{\376\377\0001\0001\000.\0003\000.\0003\000.\0001\000\040\000i\000Z\000\137\000n\000e\000x\000t\000\137\000p\000r\000i\000m\000e\000\050\000\051}{subsection.11.3.3}% 93
\BOOKMARK [3][-]{subsubsection.11.3.3.2}{\376\377\0001\0001\000.\0003\000.\0003\000.\0002\000\040\000S\000i\000Z\000\050\000\051}{subsection.11.3.3}% 94
\BOOKMARK [3][-]{subsubsection.11.3.3.3}{\376\377\0001\0001\000.\0003\000.\0003\000.\0003\000\040\000S\000i\000Z\000\137\000c\000o\000u\000n\000t\000\050\000\051}{subsection.11.3.3}% 95
\BOOKMARK [3][-]{subsubsection.11.3.3.4}{\376\377\0001\0001\000.\0003\000.\0003\000.\0004\000\040\000S\000i\000Z\000\137\000s\000t\000r\000e\000a\000m\000\050\000\051}{subsection.11.3.3}% 96
\BOOKMARK [3][-]{subsubsection.11.3.3.5}{\376\377\0001\0001\000.\0003\000.\0003\000.\0005\000\040\000S\000i\000Z\000m\000\050\000\051}{subsection.11.3.3}% 97
\BOOKMARK [3][-]{subsubsection.11.3.3.6}{\376\377\0001\0001\000.\0003\000.\0003\000.\0006\000\040\000S\000i\000Z\000m\000\137\000v\000y\000\050\000\051}{subsection.11.3.3}% 98
\BOOKMARK [3][-]{subsubsection.11.3.3.7}{\376\377\0001\0001\000.\0003\000.\0003\000.\0007\000\040\000S\000o\000A\000\050\000\051}{subsection.11.3.3}% 99
\BOOKMARK [3][-]{subsubsection.11.3.3.8}{\376\377\0001\0001\000.\0003\000.\0003\000.\0008\000\040\000S\000o\000E\000\050\000\051}{subsection.11.3.3}% 100
\BOOKMARK [3][-]{subsubsection.11.3.3.9}{\376\377\0001\0001\000.\0003\000.\0003\000.\0009\000\040\000S\000o\000E\000u\000\050\000\051}{subsection.11.3.3}% 101
\BOOKMARK [3][-]{subsubsection.11.3.3.10}{\376\377\0001\0001\000.\0003\000.\0003\000.\0001\0000\000\040\000S\000o\000S\000\050\000\051}{subsection.11.3.3}% 102
\BOOKMARK [3][-]{subsubsection.11.3.3.11}{\376\377\0001\0001\000.\0003\000.\0003\000.\0001\0001\000\040\000S\000S\000o\000E\000\050\000\051}{subsection.11.3.3}% 103
\BOOKMARK [3][-]{subsubsection.11.3.3.12}{\376\377\0001\0001\000.\0003\000.\0003\000.\0001\0002\000\040\000v\000x\000\137\000r\000a\000n\000d\000o\000m\000\137\000p\000r\000i\000m\000e\000\050\000\051}{subsection.11.3.3}% 104
\BOOKMARK [3][-]{subsubsection.11.3.3.13}{\376\377\0001\0001\000.\0003\000.\0003\000.\0001\0003\000\040\000v\000y\000\137\000r\000a\000n\000d\000o\000m\000\137\000p\000r\000i\000m\000e\000\050\000\051}{subsection.11.3.3}% 105
\BOOKMARK [1][-]{section.11.4}{\376\377\0001\0001\000.\0004\000\040\000T\000o\000o\000l\000k\000i\000t\000\040\000\050\000i\000Z\000/\000i\000Z\000m\000\051\000\040}{chapter.11}% 106
\BOOKMARK [2][-]{subsection.11.4.1}{\376\377\0001\0001\000.\0004\000.\0001\000\040\000D\000e\000t\000a\000i\000l\000e\000d\000\040\000D\000e\000s\000c\000r\000i\000p\000t\000i\000o\000n}{section.11.4}% 107
\BOOKMARK [2][-]{subsection.11.4.2}{\376\377\0001\0001\000.\0004\000.\0002\000\040\000M\000a\000c\000r\000o\000\040\000D\000e\000f\000i\000n\000i\000t\000i\000o\000n\000\040\000D\000o\000c\000u\000m\000e\000n\000t\000a\000t\000i\000o\000n}{section.11.4}% 108
\BOOKMARK [3][-]{subsubsection.11.4.2.1}{\376\377\0001\0001\000.\0004\000.\0002\000.\0001\000\040\000M\000R\000\137\000R\000O\000U\000N\000D\000S}{subsection.11.4.2}% 109
\BOOKMARK [3][-]{subsubsection.11.4.2.2}{\376\377\0001\0001\000.\0004\000.\0002\000.\0002\000\040\000V\000X\0002}{subsection.11.4.2}% 110
\BOOKMARK [3][-]{subsubsection.11.4.2.3}{\376\377\0001\0001\000.\0004\000.\0002\000.\0003\000\040\000V\000X\0003}{subsection.11.4.2}% 111
\BOOKMARK [3][-]{subsubsection.11.4.2.4}{\376\377\0001\0001\000.\0004\000.\0002\000.\0004\000\040\000V\000X\0004}{subsection.11.4.2}% 112
\BOOKMARK [3][-]{subsubsection.11.4.2.5}{\376\377\0001\0001\000.\0004\000.\0002\000.\0005\000\040\000V\000X\0005}{subsection.11.4.2}% 113
\BOOKMARK [3][-]{subsubsection.11.4.2.6}{\376\377\0001\0001\000.\0004\000.\0002\000.\0006\000\040\000V\000X\0006}{subsection.11.4.2}% 114
\BOOKMARK [3][-]{subsubsection.11.4.2.7}{\376\377\0001\0001\000.\0004\000.\0002\000.\0007\000\040\000V\000X\0007}{subsection.11.4.2}% 115
\BOOKMARK [3][-]{subsubsection.11.4.2.8}{\376\377\0001\0001\000.\0004\000.\0002\000.\0008\000\040\000V\000X\0008}{subsection.11.4.2}% 116
\BOOKMARK [2][-]{subsection.11.4.3}{\376\377\0001\0001\000.\0004\000.\0003\000\040\000F\000u\000n\000c\000t\000i\000o\000n\000\040\000D\000o\000c\000u\000m\000e\000n\000t\000a\000t\000i\000o\000n}{section.11.4}% 117
\BOOKMARK [3][-]{subsubsection.11.4.3.1}{\376\377\0001\0001\000.\0004\000.\0003\000.\0001\000\040\000c\000h\000e\000c\000k\000\137\000p\000r\000i\000m\000a\000l\000i\000t\000y\000\050\000\051}{subsection.11.4.3}% 118
\BOOKMARK [3][-]{subsubsection.11.4.3.2}{\376\377\0001\0001\000.\0004\000.\0003\000.\0002\000\040\000c\000o\000m\000p\000u\000t\000e\000\137\000l\0002\000\137\000v\000x\000\050\000\051}{subsection.11.4.3}% 119
\BOOKMARK [3][-]{subsubsection.11.4.3.3}{\376\377\0001\0001\000.\0004\000.\0003\000.\0003\000\040\000c\000o\000m\000p\000u\000t\000e\000\137\000m\000a\000x\000\137\000v\000x\000\050\000\051}{subsection.11.4.3}% 120
\BOOKMARK [3][-]{subsubsection.11.4.3.4}{\376\377\0001\0001\000.\0004\000.\0003\000.\0004\000\040\000c\000o\000m\000p\000u\000t\000e\000\137\000v\000x\000\137\000k\000\050\000\051}{subsection.11.4.3}% 121
\BOOKMARK [3][-]{subsubsection.11.4.3.5}{\376\377\0001\0001\000.\0004\000.\0003\000.\0005\000\040\000g\000e\000t\000\137\000r\000o\000o\000t\000\137\000p\000r\000i\000m\000e\000s\000\050\000\051}{subsection.11.4.3}% 122
\BOOKMARK [3][-]{subsubsection.11.4.3.6}{\376\377\0001\0001\000.\0004\000.\0003\000.\0006\000\040\000i\000Z\000\050\000\051}{subsection.11.4.3}% 123
\BOOKMARK [3][-]{subsubsection.11.4.3.7}{\376\377\0001\0001\000.\0004\000.\0003\000.\0007\000\040\000i\000Z\000\137\000m\000p\000z\000\050\000\051}{subsection.11.4.3}% 124
\BOOKMARK [3][-]{subsubsection.11.4.3.8}{\376\377\0001\0001\000.\0004\000.\0003\000.\0008\000\040\000i\000Z\000m\000\137\000c\000l\000o\000n\000e\000\050\000\051}{subsection.11.4.3}% 125
\BOOKMARK [3][-]{subsubsection.11.4.3.9}{\376\377\0001\0001\000.\0004\000.\0003\000.\0009\000\040\000i\000Z\000m\000\137\000c\000o\000n\000s\000t\000r\000u\000c\000t\000\137\000v\000x\000\137\000b\000a\000s\000e\000\050\000\051}{subsection.11.4.3}% 126
\BOOKMARK [3][-]{subsubsection.11.4.3.10}{\376\377\0001\0001\000.\0004\000.\0003\000.\0001\0000\000\040\000i\000Z\000m\000\137\000f\000r\000e\000e\000\050\000\051}{subsection.11.4.3}% 127
\BOOKMARK [3][-]{subsubsection.11.4.3.11}{\376\377\0001\0001\000.\0004\000.\0003\000.\0001\0001\000\040\000i\000Z\000m\000\137\000i\000n\000i\000t\000\050\000\051}{subsection.11.4.3}% 128
\BOOKMARK [3][-]{subsubsection.11.4.3.12}{\376\377\0001\0001\000.\0004\000.\0003\000.\0001\0002\000\040\000i\000Z\000m\000\137\000s\000o\000l\000v\000e\000\137\000f\000o\000r\000\137\000x\0000\000\050\000\051}{subsection.11.4.3}% 129
\BOOKMARK [3][-]{subsubsection.11.4.3.13}{\376\377\0001\0001\000.\0004\000.\0003\000.\0001\0003\000\040\000i\000Z\000m\000\137\000s\000o\000l\000v\000e\000\137\000f\000o\000r\000\137\000x\0000\000\137\000m\000p\000z\000\050\000\051}{subsection.11.4.3}% 130
\BOOKMARK [3][-]{subsubsection.11.4.3.14}{\376\377\0001\0001\000.\0004\000.\0003\000.\0001\0004\000\040\000i\000Z\000m\000\137\000s\000o\000l\000v\000e\000\137\000f\000o\000r\000\137\000y\0000\000\050\000\051}{subsection.11.4.3}% 131
\BOOKMARK [3][-]{subsubsection.11.4.3.15}{\376\377\0001\0001\000.\0004\000.\0003\000.\0001\0005\000\040\000p\000r\000o\000c\000e\000s\000s\000\137\000i\000Z\000\137\000b\000i\000t\000m\000a\000p\000s\000\050\000\051}{subsection.11.4.3}% 132
\BOOKMARK [3][-]{subsubsection.11.4.3.16}{\376\377\0001\0001\000.\0004\000.\0003\000.\0001\0006\000\040\000r\000a\000n\000g\000e\000\137\000i\000n\000f\000o\000\137\000f\000r\000e\000e\000\050\000\051}{subsection.11.4.3}% 133
\BOOKMARK [3][-]{subsubsection.11.4.3.17}{\376\377\0001\0001\000.\0004\000.\0003\000.\0001\0007\000\040\000r\000a\000n\000g\000e\000\137\000i\000n\000f\000o\000\137\000i\000n\000i\000t\000\050\000\051}{subsection.11.4.3}% 134
\BOOKMARK [3][-]{subsubsection.11.4.3.18}{\376\377\0001\0001\000.\0004\000.\0003\000.\0001\0008\000\040\000v\000x\000\137\000c\000o\000l\000l\000e\000c\000t\000\137\000p\000\137\000g\000a\000p\000s\000\050\000\051}{subsection.11.4.3}% 135
\BOOKMARK [3][-]{subsubsection.11.4.3.19}{\376\377\0001\0001\000.\0004\000.\0003\000.\0001\0009\000\040\000v\000x\000\137\000f\000r\000e\000e\000\050\000\051}{subsection.11.4.3}% 136
\BOOKMARK [3][-]{subsubsection.11.4.3.20}{\376\377\0001\0001\000.\0004\000.\0003\000.\0002\0000\000\040\000v\000x\000\137\000f\000u\000l\000l\000\137\000s\000i\000e\000v\000e\000\050\000\051}{subsection.11.4.3}% 137
\BOOKMARK [3][-]{subsubsection.11.4.3.21}{\376\377\0001\0001\000.\0004\000.\0003\000.\0002\0001\000\040\000v\000x\000\137\000i\000n\000i\000t\000\050\000\051}{subsection.11.4.3}% 138
\BOOKMARK [3][-]{subsubsection.11.4.3.22}{\376\377\0001\0001\000.\0004\000.\0003\000.\0002\0002\000\040\000v\000x\000\137\000s\000e\000a\000r\000c\000h\000\137\000p\000r\000i\000m\000e\000\050\000\051}{subsection.11.4.3}% 139
\BOOKMARK [3][-]{subsubsection.11.4.3.23}{\376\377\0001\0001\000.\0004\000.\0003\000.\0002\0003\000\040\000v\000x\000\137\000s\000t\000r\000e\000a\000m\000\050\000\051}{subsection.11.4.3}% 140
\BOOKMARK [3][-]{subsubsection.11.4.3.24}{\376\377\0001\0001\000.\0004\000.\0003\000.\0002\0004\000\040\000v\000y\000\137\000s\000e\000a\000r\000c\000h\000\137\000p\000r\000i\000m\000e\000\050\000\051}{subsection.11.4.3}% 141
\BOOKMARK [1][-]{section.11.5}{\376\377\0001\0001\000.\0005\000\040\000L\000o\000g\000g\000i\000n\000g\000\040}{chapter.11}% 142
\BOOKMARK [2][-]{subsection.11.5.1}{\376\377\0001\0001\000.\0005\000.\0001\000\040\000D\000e\000t\000a\000i\000l\000e\000d\000\040\000D\000e\000s\000c\000r\000i\000p\000t\000i\000o\000n}{section.11.5}% 143
\BOOKMARK [2][-]{subsection.11.5.2}{\376\377\0001\0001\000.\0005\000.\0002\000\040\000M\000a\000c\000r\000o\000\040\000D\000e\000f\000i\000n\000i\000t\000i\000o\000n\000\040\000D\000o\000c\000u\000m\000e\000n\000t\000a\000t\000i\000o\000n}{section.11.5}% 144
\BOOKMARK [3][-]{subsubsection.11.5.2.1}{\376\377\0001\0001\000.\0005\000.\0002\000.\0001\000\040\000L\000O\000G\000\137\000D\000I\000R}{subsection.11.5.2}% 145
\BOOKMARK [3][-]{subsubsection.11.5.2.2}{\376\377\0001\0001\000.\0005\000.\0002\000.\0002\000\040\000L\000O\000G\000\137\000F\000I\000L\000E}{subsection.11.5.2}% 146
\BOOKMARK [3][-]{subsubsection.11.5.2.3}{\376\377\0001\0001\000.\0005\000.\0002\000.\0003\000\040\000L\000O\000G\000\137\000M\000A\000X\000\137\000S\000I\000Z\000E}{subsection.11.5.2}% 147
\BOOKMARK [3][-]{subsubsection.11.5.2.4}{\376\377\0001\0001\000.\0005\000.\0002\000.\0004\000\040\000L\000O\000G\000G\000E\000R\000\137\000F\000O\000R\000M\000A\000T\000\137\000P\000R\000I\000N\000T\000F}{subsection.11.5.2}% 148
\BOOKMARK [2][-]{subsection.11.5.3}{\376\377\0001\0001\000.\0005\000.\0003\000\040\000E\000n\000u\000m\000e\000r\000a\000t\000i\000o\000n\000\040\000T\000y\000p\000e\000\040\000D\000o\000c\000u\000m\000e\000n\000t\000a\000t\000i\000o\000n}{section.11.5}% 149
\BOOKMARK [3][-]{subsubsection.11.5.3.1}{\376\377\0001\0001\000.\0005\000.\0003\000.\0001\000\040\000L\000o\000g\000L\000e\000v\000e\000l}{subsection.11.5.3}% 150
\BOOKMARK [2][-]{subsection.11.5.4}{\376\377\0001\0001\000.\0005\000.\0004\000\040\000F\000u\000n\000c\000t\000i\000o\000n\000\040\000D\000o\000c\000u\000m\000e\000n\000t\000a\000t\000i\000o\000n}{section.11.5}% 151
\BOOKMARK [3][-]{subsubsection.11.5.4.1}{\376\377\0001\0001\000.\0005\000.\0004\000.\0001\000\040\000l\000o\000g\000\137\000c\000o\000n\000s\000o\000l\000e\000\050\000\051}{subsection.11.5.4}% 152
\BOOKMARK [3][-]{subsubsection.11.5.4.2}{\376\377\0001\0001\000.\0005\000.\0004\000.\0002\000\040\000l\000o\000g\000\137\000d\000e\000b\000u\000g\000\050\000\051}{subsection.11.5.4}% 153
\BOOKMARK [3][-]{subsubsection.11.5.4.3}{\376\377\0001\0001\000.\0005\000.\0004\000.\0003\000\040\000l\000o\000g\000\137\000e\000r\000r\000o\000r\000\050\000\051}{subsection.11.5.4}% 154
\BOOKMARK [3][-]{subsubsection.11.5.4.4}{\376\377\0001\0001\000.\0005\000.\0004\000.\0004\000\040\000l\000o\000g\000\137\000f\000a\000t\000a\000l\000\050\000\051}{subsection.11.5.4}% 155
\BOOKMARK [3][-]{subsubsection.11.5.4.5}{\376\377\0001\0001\000.\0005\000.\0004\000.\0005\000\040\000l\000o\000g\000\137\000i\000n\000f\000o\000\050\000\051}{subsection.11.5.4}% 156
\BOOKMARK [3][-]{subsubsection.11.5.4.6}{\376\377\0001\0001\000.\0005\000.\0004\000.\0006\000\040\000l\000o\000g\000\137\000i\000n\000i\000t\000\050\000\051}{subsection.11.5.4}% 157
\BOOKMARK [3][-]{subsubsection.11.5.4.7}{\376\377\0001\0001\000.\0005\000.\0004\000.\0007\000\040\000l\000o\000g\000\137\000l\000e\000v\000e\000l\000\137\000t\000o\000\137\000s\000t\000r\000i\000n\000g\000\050\000\051}{subsection.11.5.4}% 158
\BOOKMARK [3][-]{subsubsection.11.5.4.8}{\376\377\0001\0001\000.\0005\000.\0004\000.\0008\000\040\000l\000o\000g\000\137\000m\000e\000s\000s\000a\000g\000e\000\050\000\051}{subsection.11.5.4}% 159
\BOOKMARK [3][-]{subsubsection.11.5.4.9}{\376\377\0001\0001\000.\0005\000.\0004\000.\0009\000\040\000l\000o\000g\000\137\000m\000e\000s\000s\000a\000g\000e\000\137\000e\000x\000t\000e\000n\000d\000e\000d\000\050\000\051}{subsection.11.5.4}% 160
\BOOKMARK [3][-]{subsubsection.11.5.4.10}{\376\377\0001\0001\000.\0005\000.\0004\000.\0001\0000\000\040\000l\000o\000g\000\137\000s\000e\000t\000\137\000l\000o\000g\000\137\000l\000e\000v\000e\000l\000\050\000\051}{subsection.11.5.4}% 161
\BOOKMARK [3][-]{subsubsection.11.5.4.11}{\376\377\0001\0001\000.\0005\000.\0004\000.\0001\0001\000\040\000l\000o\000g\000\137\000w\000a\000r\000n\000\050\000\051}{subsection.11.5.4}% 162
\BOOKMARK [1][-]{section.11.6}{\376\377\0001\0001\000.\0006\000\040\000T\000e\000s\000t\000s\000\040\000a\000n\000d\000\040\000B\000e\000n\000c\000h\000m\000a\000r\000k\000s\000\040}{chapter.11}% 163
\BOOKMARK [2][-]{subsection.11.6.1}{\376\377\0001\0001\000.\0006\000.\0001\000\040\000D\000e\000t\000a\000i\000l\000e\000d\000\040\000D\000e\000s\000c\000r\000i\000p\000t\000i\000o\000n}{section.11.6}% 164
\BOOKMARK [2][-]{subsection.11.6.2}{\376\377\0001\0001\000.\0006\000.\0002\000\040\000T\000y\000p\000e\000d\000e\000f\000\040\000D\000o\000c\000u\000m\000e\000n\000t\000a\000t\000i\000o\000n}{section.11.6}% 165
\BOOKMARK [3][-]{subsubsection.11.6.2.1}{\376\377\0001\0001\000.\0006\000.\0002\000.\0001\000\040\000S\000I\000E\000V\000E\000\137\000F\000N}{subsection.11.6.2}% 166
\BOOKMARK [1][-]{section.11.7}{\376\377\0001\0001\000.\0007\000\040\000U\000t\000i\000l\000i\000t\000i\000e\000s\000\040}{chapter.11}% 167
\BOOKMARK [2][-]{subsection.11.7.1}{\376\377\0001\0001\000.\0007\000.\0001\000\040\000D\000e\000t\000a\000i\000l\000e\000d\000\040\000D\000e\000s\000c\000r\000i\000p\000t\000i\000o\000n}{section.11.7}% 168
\BOOKMARK [2][-]{subsection.11.7.2}{\376\377\0001\0001\000.\0007\000.\0002\000\040\000M\000a\000c\000r\000o\000\040\000D\000e\000f\000i\000n\000i\000t\000i\000o\000n\000\040\000D\000o\000c\000u\000m\000e\000n\000t\000a\000t\000i\000o\000n}{section.11.7}% 169
\BOOKMARK [3][-]{subsubsection.11.7.2.1}{\376\377\0001\0001\000.\0007\000.\0002\000.\0001\000\040\000D\000I\000R\000\137\000o\000u\000t\000p\000u\000t}{subsection.11.7.2}% 170
\BOOKMARK [3][-]{subsubsection.11.7.2.2}{\376\377\0001\0001\000.\0007\000.\0002\000.\0002\000\040\000M\000A\000X}{subsection.11.7.2}% 171
\BOOKMARK [3][-]{subsubsection.11.7.2.3}{\376\377\0001\0001\000.\0007\000.\0002\000.\0003\000\040\000M\000A\000X\000\137\000C\000O\000R\000E\000S}{subsection.11.7.2}% 172
\BOOKMARK [3][-]{subsubsection.11.7.2.4}{\376\377\0001\0001\000.\0007\000.\0002\000.\0004\000\040\000M\000I\000N}{subsection.11.7.2}% 173
\BOOKMARK [2][-]{subsection.11.7.3}{\376\377\0001\0001\000.\0007\000.\0003\000\040\000F\000u\000n\000c\000t\000i\000o\000n\000\040\000D\000o\000c\000u\000m\000e\000n\000t\000a\000t\000i\000o\000n}{section.11.7}% 174
\BOOKMARK [3][-]{subsubsection.11.7.3.1}{\376\377\0001\0001\000.\0007\000.\0003\000.\0001\000\040\000c\000r\000e\000a\000t\000e\000\137\000d\000i\000r\000\050\000\051}{subsection.11.7.3}% 175
\BOOKMARK [3][-]{subsubsection.11.7.3.2}{\376\377\0001\0001\000.\0007\000.\0003\000.\0002\000\040\000g\000c\000d\000\050\000\051}{subsection.11.7.3}% 176
\BOOKMARK [3][-]{subsubsection.11.7.3.3}{\376\377\0001\0001\000.\0007\000.\0003\000.\0003\000\040\000g\000e\000t\000\137\000c\000p\000u\000\137\000c\000o\000r\000e\000s\000\137\000c\000o\000u\000n\000t\000\050\000\051}{subsection.11.7.3}% 177
\BOOKMARK [3][-]{subsubsection.11.7.3.4}{\376\377\0001\0001\000.\0007\000.\0003\000.\0004\000\040\000g\000e\000t\000\137\000c\000p\000u\000\137\000L\0002\000\137\000c\000a\000c\000h\000e\000\137\000s\000i\000z\000e\000\137\000b\000i\000t\000s\000\050\000\051}{subsection.11.7.3}% 178
\BOOKMARK [3][-]{subsubsection.11.7.3.5}{\376\377\0001\0001\000.\0007\000.\0003\000.\0005\000\040\000g\000m\000p\000\137\000s\000e\000e\000d\000\137\000r\000a\000n\000d\000s\000t\000a\000t\000e\000\050\000\051}{subsection.11.7.3}% 179
\BOOKMARK [3][-]{subsubsection.11.7.3.6}{\376\377\0001\0001\000.\0007\000.\0003\000.\0006\000\040\000i\000s\000\137\000n\000u\000m\000e\000r\000i\000c\000\137\000s\000t\000r\000\050\000\051}{subsection.11.7.3}% 180
\BOOKMARK [3][-]{subsubsection.11.7.3.7}{\376\377\0001\0001\000.\0007\000.\0003\000.\0007\000\040\000m\000o\000d\000u\000l\000a\000r\000\137\000i\000n\000v\000e\000r\000s\000e\000\050\000\051}{subsection.11.7.3}% 181
\BOOKMARK [3][-]{subsubsection.11.7.3.8}{\376\377\0001\0001\000.\0007\000.\0003\000.\0008\000\040\000p\000a\000r\000s\000e\000\137\000i\000n\000c\000l\000u\000s\000i\000v\000e\000\137\000r\000a\000n\000g\000e\000\137\000m\000p\000z\000\050\000\051}{subsection.11.7.3}% 182
\BOOKMARK [3][-]{subsubsection.11.7.3.9}{\376\377\0001\0001\000.\0007\000.\0003\000.\0009\000\040\000p\000a\000r\000s\000e\000\137\000n\000u\000m\000e\000r\000i\000c\000\137\000e\000x\000p\000r\000\137\000m\000p\000z\000\050\000\051}{subsection.11.7.3}% 183
\BOOKMARK [3][-]{subsubsection.11.7.3.10}{\376\377\0001\0001\000.\0007\000.\0003\000.\0001\0000\000\040\000p\000a\000r\000s\000e\000\137\000n\000u\000m\000e\000r\000i\000c\000\137\000e\000x\000p\000r\000\137\000u\0006\0004\000\050\000\051}{subsection.11.7.3}% 184
\BOOKMARK [1][-]{section.11.8}{\376\377\0001\0001\000.\0008\000\040\000P\000r\000i\000n\000t\000e\000r\000,\000\040\000i\000m\000p\000l\000e\000m\000e\000n\000t\000e\000d\000\040\000i\000n\000\040\000t\000o\000o\000l\000k\000i\000t\000/\000p\000r\000i\000n\000t\000\137\000u\000t\000i\000l\000s\000.\000c\000\040}{chapter.11}% 185
\BOOKMARK [2][-]{subsection.11.8.1}{\376\377\0001\0001\000.\0008\000.\0001\000\040\000D\000e\000t\000a\000i\000l\000e\000d\000\040\000D\000e\000s\000c\000r\000i\000p\000t\000i\000o\000n}{section.11.8}% 186
\BOOKMARK [2][-]{subsection.11.8.2}{\376\377\0001\0001\000.\0008\000.\0002\000\040\000F\000u\000n\000c\000t\000i\000o\000n\000\040\000D\000o\000c\000u\000m\000e\000n\000t\000a\000t\000i\000o\000n}{section.11.8}% 187
\BOOKMARK [3][-]{subsubsection.11.8.2.1}{\376\377\0001\0001\000.\0008\000.\0002\000.\0001\000\040\000p\000r\000i\000n\000t\000\137\000c\000e\000n\000t\000e\000r\000e\000d\000\137\000t\000e\000x\000t\000\050\000\051}{subsection.11.8.2}% 188
\BOOKMARK [3][-]{subsubsection.11.8.2.2}{\376\377\0001\0001\000.\0008\000.\0002\000.\0002\000\040\000p\000r\000i\000n\000t\000\137\000l\000i\000n\000e\000\050\000\051}{subsection.11.8.2}% 189
\BOOKMARK [3][-]{subsubsection.11.8.2.3}{\376\377\0001\0001\000.\0008\000.\0002\000.\0003\000\040\000p\000r\000i\000n\000t\000\137\000s\000h\000a\0002\0005\0006\000\137\000h\000a\000s\000h\000\050\000\051}{subsection.11.8.2}% 190
\BOOKMARK [3][-]{subsubsection.11.8.2.4}{\376\377\0001\0001\000.\0008\000.\0002\000.\0004\000\040\000p\000r\000i\000n\000t\000\137\000t\000e\000s\000t\000\137\000f\000n\000\137\000h\000e\000a\000d\000e\000r\000\050\000\051}{subsection.11.8.2}% 191
\BOOKMARK [3][-]{subsubsection.11.8.2.5}{\376\377\0001\0001\000.\0008\000.\0002\000.\0005\000\040\000p\000r\000i\000n\000t\000\137\000t\000e\000s\000t\000\137\000m\000o\000d\000u\000l\000e\000\137\000h\000e\000a\000d\000e\000r\000\050\000\051}{subsection.11.8.2}% 192
\BOOKMARK [3][-]{subsubsection.11.8.2.6}{\376\377\0001\0001\000.\0008\000.\0002\000.\0006\000\040\000p\000r\000i\000n\000t\000\137\000t\000e\000s\000t\000\137\000m\000o\000d\000u\000l\000e\000\137\000r\000e\000s\000u\000l\000t\000\050\000\051}{subsection.11.8.2}% 193
\BOOKMARK [3][-]{subsubsection.11.8.2.7}{\376\377\0001\0001\000.\0008\000.\0002\000.\0007\000\040\000p\000r\000i\000n\000t\000\137\000t\000e\000s\000t\000\137\000s\000u\000m\000m\000a\000r\000y\000\050\000\051}{subsection.11.8.2}% 194
\BOOKMARK [3][-]{subsubsection.11.8.2.8}{\376\377\0001\0001\000.\0008\000.\0002\000.\0008\000\040\000p\000r\000i\000n\000t\000\137\000t\000e\000s\000t\000\137\000t\000a\000b\000l\000e\000\137\000h\000e\000a\000d\000e\000r\000\050\000\051}{subsection.11.8.2}% 195
\BOOKMARK [1][-]{section.11.9}{\376\377\0001\0001\000.\0009\000\040\000S\000t\000o\000p\000w\000a\000t\000c\000h\000\040}{chapter.11}% 196
\BOOKMARK [2][-]{subsection.11.9.1}{\376\377\0001\0001\000.\0009\000.\0001\000\040\000D\000e\000t\000a\000i\000l\000e\000d\000\040\000D\000e\000s\000c\000r\000i\000p\000t\000i\000o\000n}{section.11.9}% 197
\BOOKMARK [2][-]{subsection.11.9.2}{\376\377\0001\0001\000.\0009\000.\0002\000\040\000F\000u\000n\000c\000t\000i\000o\000n\000\040\000D\000o\000c\000u\000m\000e\000n\000t\000a\000t\000i\000o\000n}{section.11.9}% 198
\BOOKMARK [3][-]{subsubsection.11.9.2.1}{\376\377\0001\0001\000.\0009\000.\0002\000.\0001\000\040\000s\000w\000\137\000e\000l\000a\000p\000s\000e\000d\000\137\000n\000o\000w\000\137\000s\000e\000c\000o\000n\000d\000s\000\050\000\051}{subsection.11.9.2}% 199
\BOOKMARK [3][-]{subsubsection.11.9.2.2}{\376\377\0001\0001\000.\0009\000.\0002\000.\0002\000\040\000s\000w\000\137\000e\000l\000a\000p\000s\000e\000d\000\137\000s\000e\000c\000o\000n\000d\000s\000\050\000\051}{subsection.11.9.2}% 200
\BOOKMARK [3][-]{subsubsection.11.9.2.3}{\376\377\0001\0001\000.\0009\000.\0002\000.\0003\000\040\000s\000w\000\137\000s\000t\000a\000r\000t\000\050\000\051}{subsection.11.9.2}% 201
\BOOKMARK [3][-]{subsubsection.11.9.2.4}{\376\377\0001\0001\000.\0009\000.\0002\000.\0004\000\040\000s\000w\000\137\000s\000t\000o\000p\000\050\000\051}{subsection.11.9.2}% 202
\BOOKMARK [0][-]{chapter.12}{\376\377\0001\0002\000\040\000D\000a\000t\000a\000\040\000S\000t\000r\000u\000c\000t\000u\000r\000e\000\040\000D\000o\000c\000u\000m\000e\000n\000t\000a\000t\000i\000o\000n}{}% 203
\BOOKMARK [1][-]{section.12.1}{\376\377\0001\0002\000.\0001\000\040\000B\000I\000T\000M\000A\000P\000\040\000S\000t\000r\000u\000c\000t\000\040\000R\000e\000f\000e\000r\000e\000n\000c\000e}{chapter.12}% 204
\BOOKMARK [2][-]{subsection.12.1.1}{\376\377\0001\0002\000.\0001\000.\0001\000\040\000D\000e\000t\000a\000i\000l\000e\000d\000\040\000D\000e\000s\000c\000r\000i\000p\000t\000i\000o\000n}{section.12.1}% 205
\BOOKMARK [2][-]{subsection.12.1.2}{\376\377\0001\0002\000.\0001\000.\0002\000\040\000F\000i\000e\000l\000d\000\040\000D\000o\000c\000u\000m\000e\000n\000t\000a\000t\000i\000o\000n}{section.12.1}% 206
\BOOKMARK [3][-]{subsubsection.12.1.2.1}{\376\377\0001\0002\000.\0001\000.\0002\000.\0001\000\040\000b\000y\000t\000e\000\137\000s\000i\000z\000e}{subsection.12.1.2}% 207
\BOOKMARK [3][-]{subsubsection.12.1.2.2}{\376\377\0001\0002\000.\0001\000.\0002\000.\0002\000\040\000d\000a\000t\000a}{subsection.12.1.2}% 208
\BOOKMARK [3][-]{subsubsection.12.1.2.3}{\376\377\0001\0002\000.\0001\000.\0002\000.\0003\000\040\000s\000h\000a\0002\0005\0006}{subsection.12.1.2}% 209
\BOOKMARK [3][-]{subsubsection.12.1.2.4}{\376\377\0001\0002\000.\0001\000.\0002\000.\0004\000\040\000s\000i\000z\000e}{subsection.12.1.2}% 210
\BOOKMARK [1][-]{section.12.2}{\376\377\0001\0002\000.\0002\000\040\000I\000N\000P\000U\000T\000\137\000S\000I\000E\000V\000E\000\137\000R\000A\000N\000G\000E\000\040\000S\000t\000r\000u\000c\000t\000\040\000R\000e\000f\000e\000r\000e\000n\000c\000e}{chapter.12}% 211
\BOOKMARK [2][-]{subsection.12.2.1}{\376\377\0001\0002\000.\0002\000.\0001\000\040\000D\000e\000t\000a\000i\000l\000e\000d\000\040\000D\000e\000s\000c\000r\000i\000p\000t\000i\000o\000n}{section.12.2}% 212
\BOOKMARK [2][-]{subsection.12.2.2}{\376\377\0001\0002\000.\0002\000.\0002\000\040\000F\000i\000e\000l\000d\000\040\000D\000o\000c\000u\000m\000e\000n\000t\000a\000t\000i\000o\000n}{section.12.2}% 213
\BOOKMARK [3][-]{subsubsection.12.2.2.1}{\376\377\0001\0002\000.\0002\000.\0002\000.\0001\000\040\000f\000i\000l\000e\000p\000a\000t\000h}{subsection.12.2.2}% 214
\BOOKMARK [3][-]{subsubsection.12.2.2.2}{\376\377\0001\0002\000.\0002\000.\0002\000.\0002\000\040\000m\000r\000\137\000r\000o\000u\000n\000d\000s}{subsection.12.2.2}% 215
\BOOKMARK [3][-]{subsubsection.12.2.2.3}{\376\377\0001\0002\000.\0002\000.\0002\000.\0003\000\040\000r\000a\000n\000g\000e}{subsection.12.2.2}% 216
\BOOKMARK [3][-]{subsubsection.12.2.2.4}{\376\377\0001\0002\000.\0002\000.\0002\000.\0004\000\040\000s\000t\000a\000r\000t}{subsection.12.2.2}% 217
\BOOKMARK [1][-]{section.12.3}{\376\377\0001\0002\000.\0003\000\040\000I\000Z\000M\000\040\000S\000t\000r\000u\000c\000t\000\040\000R\000e\000f\000e\000r\000e\000n\000c\000e}{chapter.12}% 218
\BOOKMARK [2][-]{subsection.12.3.1}{\376\377\0001\0002\000.\0003\000.\0001\000\040\000D\000e\000t\000a\000i\000l\000e\000d\000\040\000D\000e\000s\000c\000r\000i\000p\000t\000i\000o\000n}{section.12.3}% 219
\BOOKMARK [2][-]{subsection.12.3.2}{\376\377\0001\0002\000.\0003\000.\0002\000\040\000F\000i\000e\000l\000d\000\040\000D\000o\000c\000u\000m\000e\000n\000t\000a\000t\000i\000o\000n}{section.12.3}% 220
\BOOKMARK [3][-]{subsubsection.12.3.2.1}{\376\377\0001\0002\000.\0003\000.\0002\000.\0001\000\040\000b\000a\000s\000e\000\137\000x\0005}{subsection.12.3.2}% 221
\BOOKMARK [3][-]{subsubsection.12.3.2.2}{\376\377\0001\0002\000.\0003\000.\0002\000.\0002\000\040\000b\000a\000s\000e\000\137\000x\0007}{subsection.12.3.2}% 222
\BOOKMARK [3][-]{subsubsection.12.3.2.3}{\376\377\0001\0002\000.\0003\000.\0002\000.\0003\000\040\000k\000\137\000v\000x}{subsection.12.3.2}% 223
\BOOKMARK [3][-]{subsubsection.12.3.2.4}{\376\377\0001\0002\000.\0003\000.\0002\000.\0004\000\040\000r\000o\000o\000t\000\137\000p\000r\000i\000m\000e\000s}{subsection.12.3.2}% 224
\BOOKMARK [3][-]{subsubsection.12.3.2.5}{\376\377\0001\0002\000.\0003\000.\0002\000.\0005\000\040\000v\000x}{subsection.12.3.2}% 225
\BOOKMARK [1][-]{section.12.4}{\376\377\0001\0002\000.\0004\000\040\000I\000Z\000M\000\137\000R\000A\000N\000G\000E\000\137\000I\000N\000F\000O\000\040\000S\000t\000r\000u\000c\000t\000\040\000R\000e\000f\000e\000r\000e\000n\000c\000e}{chapter.12}% 226
\BOOKMARK [2][-]{subsection.12.4.1}{\376\377\0001\0002\000.\0004\000.\0001\000\040\000D\000e\000t\000a\000i\000l\000e\000d\000\040\000D\000e\000s\000c\000r\000i\000p\000t\000i\000o\000n}{section.12.4}% 227
\BOOKMARK [2][-]{subsection.12.4.2}{\376\377\0001\0002\000.\0004\000.\0002\000\040\000F\000i\000e\000l\000d\000\040\000D\000o\000c\000u\000m\000e\000n\000t\000a\000t\000i\000o\000n}{section.12.4}% 228
\BOOKMARK [3][-]{subsubsection.12.4.2.1}{\376\377\0001\0002\000.\0004\000.\0002\000.\0001\000\040\000v\000x}{subsection.12.4.2}% 229
\BOOKMARK [3][-]{subsubsection.12.4.2.2}{\376\377\0001\0002\000.\0004\000.\0002\000.\0002\000\040\000X\000e}{subsection.12.4.2}% 230
\BOOKMARK [3][-]{subsubsection.12.4.2.3}{\376\377\0001\0002\000.\0004\000.\0002\000.\0003\000\040\000X\000s}{subsection.12.4.2}% 231
\BOOKMARK [3][-]{subsubsection.12.4.2.4}{\376\377\0001\0002\000.\0004\000.\0002\000.\0004\000\040\000y\000\137\000r\000a\000n\000g\000e}{subsection.12.4.2}% 232
\BOOKMARK [3][-]{subsubsection.12.4.2.5}{\376\377\0001\0002\000.\0004\000.\0002\000.\0005\000\040\000Y\000e}{subsection.12.4.2}% 233
\BOOKMARK [3][-]{subsubsection.12.4.2.6}{\376\377\0001\0002\000.\0004\000.\0002\000.\0006\000\040\000Y\000s}{subsection.12.4.2}% 234
\BOOKMARK [3][-]{subsubsection.12.4.2.7}{\376\377\0001\0002\000.\0004\000.\0002\000.\0007\000\040\000Z\000e}{subsection.12.4.2}% 235
\BOOKMARK [3][-]{subsubsection.12.4.2.8}{\376\377\0001\0002\000.\0004\000.\0002\000.\0008\000\040\000Z\000s}{subsection.12.4.2}% 236
\BOOKMARK [1][-]{section.12.5}{\376\377\0001\0002\000.\0005\000\040\000S\000I\000E\000V\000E\000\137\000L\000I\000M\000I\000T\000\040\000S\000t\000r\000u\000c\000t\000\040\000R\000e\000f\000e\000r\000e\000n\000c\000e}{chapter.12}% 237
\BOOKMARK [2][-]{subsection.12.5.1}{\376\377\0001\0002\000.\0005\000.\0001\000\040\000D\000e\000t\000a\000i\000l\000e\000d\000\040\000D\000e\000s\000c\000r\000i\000p\000t\000i\000o\000n}{section.12.5}% 238
\BOOKMARK [2][-]{subsection.12.5.2}{\376\377\0001\0002\000.\0005\000.\0002\000\040\000F\000i\000e\000l\000d\000\040\000D\000o\000c\000u\000m\000e\000n\000t\000a\000t\000i\000o\000n}{section.12.5}% 239
\BOOKMARK [3][-]{subsubsection.12.5.2.1}{\376\377\0001\0002\000.\0005\000.\0002\000.\0001\000\040\000b\000a\000s\000e}{subsection.12.5.2}% 240
\BOOKMARK [3][-]{subsubsection.12.5.2.2}{\376\377\0001\0002\000.\0005\000.\0002\000.\0002\000\040\000e\000x\000p}{subsection.12.5.2}% 241
\BOOKMARK [1][-]{section.12.6}{\376\377\0001\0002\000.\0006\000\040\000S\000I\000E\000V\000E\000\137\000M\000O\000D\000E\000L\000\040\000S\000t\000r\000u\000c\000t\000\040\000R\000e\000f\000e\000r\000e\000n\000c\000e}{chapter.12}% 242
\BOOKMARK [2][-]{subsection.12.6.1}{\376\377\0001\0002\000.\0006\000.\0001\000\040\000D\000e\000t\000a\000i\000l\000e\000d\000\040\000D\000e\000s\000c\000r\000i\000p\000t\000i\000o\000n}{section.12.6}% 243
\BOOKMARK [2][-]{subsection.12.6.2}{\376\377\0001\0002\000.\0006\000.\0002\000\040\000F\000i\000e\000l\000d\000\040\000D\000o\000c\000u\000m\000e\000n\000t\000a\000t\000i\000o\000n}{section.12.6}% 244
\BOOKMARK [3][-]{subsubsection.12.6.2.1}{\376\377\0001\0002\000.\0006\000.\0002\000.\0001\000\040\000f\000u\000n\000c\000t\000i\000o\000n}{subsection.12.6.2}% 245
\BOOKMARK [3][-]{subsubsection.12.6.2.2}{\376\377\0001\0002\000.\0006\000.\0002\000.\0002\000\040\000n\000a\000m\000e}{subsection.12.6.2}% 246
\BOOKMARK [1][-]{section.12.7}{\376\377\0001\0002\000.\0007\000\040\000S\000T\000O\000P\000W\000A\000T\000C\000H\000\040\000S\000t\000r\000u\000c\000t\000\040\000R\000e\000f\000e\000r\000e\000n\000c\000e}{chapter.12}% 247
\BOOKMARK [2][-]{subsection.12.7.1}{\376\377\0001\0002\000.\0007\000.\0001\000\040\000D\000e\000t\000a\000i\000l\000e\000d\000\040\000D\000e\000s\000c\000r\000i\000p\000t\000i\000o\000n}{section.12.7}% 248
\BOOKMARK [2][-]{subsection.12.7.2}{\376\377\0001\0002\000.\0007\000.\0002\000\040\000F\000i\000e\000l\000d\000\040\000D\000o\000c\000u\000m\000e\000n\000t\000a\000t\000i\000o\000n}{section.12.7}% 249
\BOOKMARK [3][-]{subsubsection.12.7.2.1}{\376\377\0001\0002\000.\0007\000.\0002\000.\0001\000\040\000e\000l\000a\000p\000s\000e\000d\000\137\000s\000e\000c}{subsection.12.7.2}% 250
\BOOKMARK [3][-]{subsubsection.12.7.2.2}{\376\377\0001\0002\000.\0007\000.\0002\000.\0002\000\040\000e\000n\000d\000\137\000t\000i\000m\000e}{subsection.12.7.2}% 251
\BOOKMARK [3][-]{subsubsection.12.7.2.3}{\376\377\0001\0002\000.\0007\000.\0002\000.\0003\000\040\000r\000u\000n\000n\000i\000n\000g}{subsection.12.7.2}% 252
\BOOKMARK [3][-]{subsubsection.12.7.2.4}{\376\377\0001\0002\000.\0007\000.\0002\000.\0004\000\040\000s\000t\000a\000r\000t\000\137\000t\000i\000m\000e}{subsection.12.7.2}% 253
\BOOKMARK [1][-]{section.12.8}{\376\377\0001\0002\000.\0008\000\040\000U\000I\0001\0006\000\137\000A\000R\000R\000A\000Y\000\040\000S\000t\000r\000u\000c\000t\000\040\000R\000e\000f\000e\000r\000e\000n\000c\000e}{chapter.12}% 254
\BOOKMARK [2][-]{subsection.12.8.1}{\376\377\0001\0002\000.\0008\000.\0001\000\040\000D\000e\000t\000a\000i\000l\000e\000d\000\040\000D\000e\000s\000c\000r\000i\000p\000t\000i\000o\000n}{section.12.8}% 255
\BOOKMARK [2][-]{subsection.12.8.2}{\376\377\0001\0002\000.\0008\000.\0002\000\040\000F\000i\000e\000l\000d\000\040\000D\000o\000c\000u\000m\000e\000n\000t\000a\000t\000i\000o\000n}{section.12.8}% 256
\BOOKMARK [3][-]{subsubsection.12.8.2.1}{\376\377\0001\0002\000.\0008\000.\0002\000.\0001\000\040\000a\000r\000r\000a\000y}{subsection.12.8.2}% 257
\BOOKMARK [3][-]{subsubsection.12.8.2.2}{\376\377\0001\0002\000.\0008\000.\0002\000.\0002\000\040\000c\000a\000p\000a\000c\000i\000t\000y}{subsection.12.8.2}% 258
\BOOKMARK [3][-]{subsubsection.12.8.2.3}{\376\377\0001\0002\000.\0008\000.\0002\000.\0003\000\040\000c\000o\000u\000n\000t}{subsection.12.8.2}% 259
\BOOKMARK [3][-]{subsubsection.12.8.2.4}{\376\377\0001\0002\000.\0008\000.\0002\000.\0004\000\040\000o\000r\000d\000e\000r\000e\000d}{subsection.12.8.2}% 260
\BOOKMARK [3][-]{subsubsection.12.8.2.5}{\376\377\0001\0002\000.\0008\000.\0002\000.\0005\000\040\000s\000h\000a\0002\0005\0006}{subsection.12.8.2}% 261
\BOOKMARK [1][-]{section.12.9}{\376\377\0001\0002\000.\0009\000\040\000U\000I\0003\0002\000\137\000A\000R\000R\000A\000Y\000\040\000S\000t\000r\000u\000c\000t\000\040\000R\000e\000f\000e\000r\000e\000n\000c\000e}{chapter.12}% 262
\BOOKMARK [2][-]{subsection.12.9.1}{\376\377\0001\0002\000.\0009\000.\0001\000\040\000D\000e\000t\000a\000i\000l\000e\000d\000\040\000D\000e\000s\000c\000r\000i\000p\000t\000i\000o\000n}{section.12.9}% 263
\BOOKMARK [2][-]{subsection.12.9.2}{\376\377\0001\0002\000.\0009\000.\0002\000\040\000F\000i\000e\000l\000d\000\040\000D\000o\000c\000u\000m\000e\000n\000t\000a\000t\000i\000o\000n}{section.12.9}% 264
\BOOKMARK [3][-]{subsubsection.12.9.2.1}{\376\377\0001\0002\000.\0009\000.\0002\000.\0001\000\040\000a\000r\000r\000a\000y}{subsection.12.9.2}% 265
\BOOKMARK [3][-]{subsubsection.12.9.2.2}{\376\377\0001\0002\000.\0009\000.\0002\000.\0002\000\040\000c\000a\000p\000a\000c\000i\000t\000y}{subsection.12.9.2}% 266
\BOOKMARK [3][-]{subsubsection.12.9.2.3}{\376\377\0001\0002\000.\0009\000.\0002\000.\0003\000\040\000c\000o\000u\000n\000t}{subsection.12.9.2}% 267
\BOOKMARK [3][-]{subsubsection.12.9.2.4}{\376\377\0001\0002\000.\0009\000.\0002\000.\0004\000\040\000o\000r\000d\000e\000r\000e\000d}{subsection.12.9.2}% 268
\BOOKMARK [3][-]{subsubsection.12.9.2.5}{\376\377\0001\0002\000.\0009\000.\0002\000.\0005\000\040\000s\000h\000a\0002\0005\0006}{subsection.12.9.2}% 269
\BOOKMARK [1][-]{section.12.10}{\376\377\0001\0002\000.\0001\0000\000\040\000U\000I\0006\0004\000\137\000A\000R\000R\000A\000Y\000\040\000S\000t\000r\000u\000c\000t\000\040\000R\000e\000f\000e\000r\000e\000n\000c\000e}{chapter.12}% 270
\BOOKMARK [2][-]{subsection.12.10.1}{\376\377\0001\0002\000.\0001\0000\000.\0001\000\040\000D\000e\000t\000a\000i\000l\000e\000d\000\040\000D\000e\000s\000c\000r\000i\000p\000t\000i\000o\000n}{section.12.10}% 271
\BOOKMARK [2][-]{subsection.12.10.2}{\376\377\0001\0002\000.\0001\0000\000.\0002\000\040\000F\000i\000e\000l\000d\000\040\000D\000o\000c\000u\000m\000e\000n\000t\000a\000t\000i\000o\000n}{section.12.10}% 272
\BOOKMARK [3][-]{subsubsection.12.10.2.1}{\376\377\0001\0002\000.\0001\0000\000.\0002\000.\0001\000\040\000a\000r\000r\000a\000y}{subsection.12.10.2}% 273
\BOOKMARK [3][-]{subsubsection.12.10.2.2}{\376\377\0001\0002\000.\0001\0000\000.\0002\000.\0002\000\040\000c\000a\000p\000a\000c\000i\000t\000y}{subsection.12.10.2}% 274
\BOOKMARK [3][-]{subsubsection.12.10.2.3}{\376\377\0001\0002\000.\0001\0000\000.\0002\000.\0003\000\040\000c\000o\000u\000n\000t}{subsection.12.10.2}% 275
\BOOKMARK [3][-]{subsubsection.12.10.2.4}{\376\377\0001\0002\000.\0001\0000\000.\0002\000.\0004\000\040\000o\000r\000d\000e\000r\000e\000d}{subsection.12.10.2}% 276
\BOOKMARK [3][-]{subsubsection.12.10.2.5}{\376\377\0001\0002\000.\0001\0000\000.\0002\000.\0005\000\040\000s\000h\000a\0002\0005\0006}{subsection.12.10.2}% 277
\BOOKMARK [1][-]{section.12.11}{\376\377\0001\0002\000.\0001\0001\000\040\000V\000X\000\137\000S\000E\000G\000\040\000S\000t\000r\000u\000c\000t\000\040\000R\000e\000f\000e\000r\000e\000n\000c\000e}{chapter.12}% 278
\BOOKMARK [2][-]{subsection.12.11.1}{\376\377\0001\0002\000.\0001\0001\000.\0001\000\040\000D\000e\000t\000a\000i\000l\000e\000d\000\040\000D\000e\000s\000c\000r\000i\000p\000t\000i\000o\000n}{section.12.11}% 279
\BOOKMARK [2][-]{subsection.12.11.2}{\376\377\0001\0002\000.\0001\0001\000.\0002\000\040\000F\000i\000e\000l\000d\000\040\000D\000o\000c\000u\000m\000e\000n\000t\000a\000t\000i\000o\000n}{section.12.11}% 280
\BOOKMARK [3][-]{subsubsection.12.11.2.1}{\376\377\0001\0002\000.\0001\0001\000.\0002\000.\0001\000\040\000b\000i\000t\000\137\000o\000p\000s}{subsection.12.11.2}% 281
\BOOKMARK [3][-]{subsubsection.12.11.2.2}{\376\377\0001\0002\000.\0001\0001\000.\0002\000.\0002\000\040\000e\000n\000d\000\137\000x}{subsection.12.11.2}% 282
\BOOKMARK [3][-]{subsubsection.12.11.2.3}{\376\377\0001\0002\000.\0001\0001\000.\0002\000.\0003\000\040\000i\000s\000\137\000l\000a\000r\000g\000e\000\137\000l\000i\000m\000i\000t}{subsection.12.11.2}% 283
\BOOKMARK [3][-]{subsubsection.12.11.2.4}{\376\377\0001\0002\000.\0001\0001\000.\0002\000.\0004\000\040\000m\000r\000\137\000r\000o\000u\000n\000d\000s}{subsection.12.11.2}% 284
\BOOKMARK [3][-]{subsubsection.12.11.2.5}{\376\377\0001\0002\000.\0001\0001\000.\0002\000.\0005\000\040\000p\000\137\000c\000o\000u\000n\000t}{subsection.12.11.2}% 285
\BOOKMARK [3][-]{subsubsection.12.11.2.6}{\376\377\0001\0002\000.\0001\0001\000.\0002\000.\0006\000\040\000p\000\137\000g\000a\000p\000s}{subsection.12.11.2}% 286
\BOOKMARK [3][-]{subsubsection.12.11.2.7}{\376\377\0001\0002\000.\0001\0001\000.\0002\000.\0007\000\040\000p\000\137\000t\000e\000s\000t\000\137\000o\000p\000s}{subsection.12.11.2}% 287
\BOOKMARK [3][-]{subsubsection.12.11.2.8}{\376\377\0001\0002\000.\0001\0001\000.\0002\000.\0008\000\040\000r\000o\000o\000t\000\137\000l\000i\000m\000i\000t}{subsection.12.11.2}% 288
\BOOKMARK [3][-]{subsubsection.12.11.2.9}{\376\377\0001\0002\000.\0001\0001\000.\0002\000.\0009\000\040\000s\000t\000a\000r\000t\000\137\000x}{subsection.12.11.2}% 289
\BOOKMARK [3][-]{subsubsection.12.11.2.10}{\376\377\0001\0002\000.\0001\0001\000.\0002\000.\0001\0000\000\040\000v\000x}{subsection.12.11.2}% 290
\BOOKMARK [3][-]{subsubsection.12.11.2.11}{\376\377\0001\0002\000.\0001\0001\000.\0002\000.\0001\0001\000\040\000x\0005}{subsection.12.11.2}% 291
\BOOKMARK [3][-]{subsubsection.12.11.2.12}{\376\377\0001\0002\000.\0001\0001\000.\0002\000.\0001\0002\000\040\000x\0007}{subsection.12.11.2}% 292
\BOOKMARK [3][-]{subsubsection.12.11.2.13}{\376\377\0001\0002\000.\0001\0001\000.\0002\000.\0001\0003\000\040\000y}{subsection.12.11.2}% 293
\BOOKMARK [3][-]{subsubsection.12.11.2.14}{\376\377\0001\0002\000.\0001\0001\000.\0002\000.\0001\0004\000\040\000y\000v\000x}{subsection.12.11.2}% 294
\BOOKMARK [0][-]{chapter.13}{\376\377\0001\0003\000\040\000F\000i\000l\000e\000\040\000D\000o\000c\000u\000m\000e\000n\000t\000a\000t\000i\000o\000n}{}% 295
\BOOKMARK [1][-]{section.13.1}{\376\377\0001\0003\000.\0001\000\040\000i\000n\000c\000l\000u\000d\000e\000/\000b\000i\000t\000m\000a\000p\000.\000h\000\040\000F\000i\000l\000e\000\040\000R\000e\000f\000e\000r\000e\000n\000c\000e}{chapter.13}% 296
\BOOKMARK [2][-]{subsection.13.1.1}{\376\377\0001\0003\000.\0001\000.\0001\000\040\000D\000e\000t\000a\000i\000l\000e\000d\000\040\000D\000e\000s\000c\000r\000i\000p\000t\000i\000o\000n}{section.13.1}% 297
\BOOKMARK [1][-]{section.13.2}{\376\377\0001\0003\000.\0002\000\040\000b\000i\000t\000m\000a\000p\000.\000h}{chapter.13}% 298
\BOOKMARK [1][-]{section.13.3}{\376\377\0001\0003\000.\0003\000\040\000i\000n\000c\000l\000u\000d\000e\000/\000i\000n\000t\000\137\000a\000r\000r\000a\000y\000s\000.\000h\000\040\000F\000i\000l\000e\000\040\000R\000e\000f\000e\000r\000e\000n\000c\000e}{chapter.13}% 299
\BOOKMARK [2][-]{subsection.13.3.1}{\376\377\0001\0003\000.\0003\000.\0001\000\040\000D\000e\000t\000a\000i\000l\000e\000d\000\040\000D\000e\000s\000c\000r\000i\000p\000t\000i\000o\000n}{section.13.3}% 300
\BOOKMARK [1][-]{section.13.4}{\376\377\0001\0003\000.\0004\000\040\000i\000n\000t\000\137\000a\000r\000r\000a\000y\000s\000.\000h}{chapter.13}% 301
\BOOKMARK [1][-]{section.13.5}{\376\377\0001\0003\000.\0005\000\040\000i\000n\000c\000l\000u\000d\000e\000/\000i\000Z\000\137\000a\000p\000i\000.\000h\000\040\000F\000i\000l\000e\000\040\000R\000e\000f\000e\000r\000e\000n\000c\000e}{chapter.13}% 302
\BOOKMARK [2][-]{subsection.13.5.1}{\376\377\0001\0003\000.\0005\000.\0001\000\040\000D\000e\000t\000a\000i\000l\000e\000d\000\040\000D\000e\000s\000c\000r\000i\000p\000t\000i\000o\000n}{section.13.5}% 303
\BOOKMARK [1][-]{section.13.6}{\376\377\0001\0003\000.\0006\000\040\000i\000Z\000\137\000a\000p\000i\000.\000h}{chapter.13}% 304
\BOOKMARK [1][-]{section.13.7}{\376\377\0001\0003\000.\0007\000\040\000i\000n\000c\000l\000u\000d\000e\000/\000i\000Z\000\137\000t\000o\000o\000l\000k\000i\000t\000.\000h\000\040\000F\000i\000l\000e\000\040\000R\000e\000f\000e\000r\000e\000n\000c\000e}{chapter.13}% 305
\BOOKMARK [2][-]{subsection.13.7.1}{\376\377\0001\0003\000.\0007\000.\0001\000\040\000D\000e\000t\000a\000i\000l\000e\000d\000\040\000D\000e\000s\000c\000r\000i\000p\000t\000i\000o\000n}{section.13.7}% 306
\BOOKMARK [1][-]{section.13.8}{\376\377\0001\0003\000.\0008\000\040\000i\000Z\000\137\000t\000o\000o\000l\000k\000i\000t\000.\000h}{chapter.13}% 307
\BOOKMARK [1][-]{section.13.9}{\376\377\0001\0003\000.\0009\000\040\000i\000n\000c\000l\000u\000d\000e\000/\000l\000o\000g\000g\000e\000r\000.\000h\000\040\000F\000i\000l\000e\000\040\000R\000e\000f\000e\000r\000e\000n\000c\000e}{chapter.13}% 308
\BOOKMARK [2][-]{subsection.13.9.1}{\376\377\0001\0003\000.\0009\000.\0001\000\040\000D\000e\000t\000a\000i\000l\000e\000d\000\040\000D\000e\000s\000c\000r\000i\000p\000t\000i\000o\000n}{section.13.9}% 309
\BOOKMARK [1][-]{section.13.10}{\376\377\0001\0003\000.\0001\0000\000\040\000l\000o\000g\000g\000e\000r\000.\000h}{chapter.13}% 310
\BOOKMARK [1][-]{section.13.11}{\376\377\0001\0003\000.\0001\0001\000\040\000i\000n\000c\000l\000u\000d\000e\000/\000t\000e\000s\000t\000\137\000a\000p\000i\000.\000h\000\040\000F\000i\000l\000e\000\040\000R\000e\000f\000e\000r\000e\000n\000c\000e}{chapter.13}% 311
\BOOKMARK [2][-]{subsection.13.11.1}{\376\377\0001\0003\000.\0001\0001\000.\0001\000\040\000D\000e\000t\000a\000i\000l\000e\000d\000\040\000D\000e\000s\000c\000r\000i\000p\000t\000i\000o\000n}{section.13.11}% 312
\BOOKMARK [1][-]{section.13.12}{\376\377\0001\0003\000.\0001\0002\000\040\000t\000e\000s\000t\000\137\000a\000p\000i\000.\000h}{chapter.13}% 313
\BOOKMARK [1][-]{section.13.13}{\376\377\0001\0003\000.\0001\0003\000\040\000i\000n\000c\000l\000u\000d\000e\000/\000u\000t\000i\000l\000s\000.\000h\000\040\000F\000i\000l\000e\000\040\000R\000e\000f\000e\000r\000e\000n\000c\000e}{chapter.13}% 314
\BOOKMARK [2][-]{subsection.13.13.1}{\376\377\0001\0003\000.\0001\0003\000.\0001\000\040\000D\000e\000t\000a\000i\000l\000e\000d\000\040\000D\000e\000s\000c\000r\000i\000p\000t\000i\000o\000n}{section.13.13}% 315
\BOOKMARK [1][-]{section.13.14}{\376\377\0001\0003\000.\0001\0004\000\040\000u\000t\000i\000l\000s\000.\000h}{chapter.13}% 316
\BOOKMARK [1][-]{section.13.15}{\376\377\0001\0003\000.\0001\0005\000\040\000s\000r\000c\000/\000i\000Z\000\137\000a\000p\000p\000s\000.\000c\000\040\000F\000i\000l\000e\000\040\000R\000e\000f\000e\000r\000e\000n\000c\000e}{chapter.13}% 317
\BOOKMARK [2][-]{subsection.13.15.1}{\376\377\0001\0003\000.\0001\0005\000.\0001\000\040\000D\000e\000t\000a\000i\000l\000e\000d\000\040\000D\000e\000s\000c\000r\000i\000p\000t\000i\000o\000n}{section.13.15}% 318
\BOOKMARK [1][-]{section.13.16}{\376\377\0001\0003\000.\0001\0006\000\040\000i\000Z\000\137\000a\000p\000p\000s\000.\000c}{chapter.13}% 319
\BOOKMARK [1][-]{section.13.17}{\376\377\0001\0003\000.\0001\0007\000\040\000s\000r\000c\000/\000p\000l\000a\000y\000g\000r\000o\000u\000n\000d\000.\000c\000\040\000F\000i\000l\000e\000\040\000R\000e\000f\000e\000r\000e\000n\000c\000e}{chapter.13}% 320
\BOOKMARK [2][-]{subsection.13.17.1}{\376\377\0001\0003\000.\0001\0007\000.\0001\000\040\000D\000e\000t\000a\000i\000l\000e\000d\000\040\000D\000e\000s\000c\000r\000i\000p\000t\000i\000o\000n}{section.13.17}% 321
\BOOKMARK [1][-]{section.13.18}{\376\377\0001\0003\000.\0001\0008\000\040\000p\000l\000a\000y\000g\000r\000o\000u\000n\000d\000.\000c}{chapter.13}% 322
\BOOKMARK [1][-]{section.13.19}{\376\377\0001\0003\000.\0001\0009\000\040\000s\000r\000c\000/\000p\000r\000i\000m\000e\000\137\000s\000i\000e\000v\000e\000.\000c\000\040\000F\000i\000l\000e\000\040\000R\000e\000f\000e\000r\000e\000n\000c\000e}{chapter.13}% 323
\BOOKMARK [2][-]{subsection.13.19.1}{\376\377\0001\0003\000.\0001\0009\000.\0001\000\040\000D\000e\000t\000a\000i\000l\000e\000d\000\040\000D\000e\000s\000c\000r\000i\000p\000t\000i\000o\000n}{section.13.19}% 324
\BOOKMARK [2][-]{subsection.13.19.2}{\376\377\0001\0003\000.\0001\0009\000.\0002\000\040\000M\000a\000c\000r\000o\000\040\000D\000e\000f\000i\000n\000i\000t\000i\000o\000n\000\040\000D\000o\000c\000u\000m\000e\000n\000t\000a\000t\000i\000o\000n}{section.13.19}% 325
\BOOKMARK [3][-]{subsubsection.13.19.2.1}{\376\377\0001\0003\000.\0001\0009\000.\0002\000.\0001\000\040\000A\000S\000S\000E\000R\000T\000\137\000L\000I\000M\000I\000T}{subsection.13.19.2}% 326
\BOOKMARK [3][-]{subsubsection.13.19.2.2}{\376\377\0001\0003\000.\0001\0009\000.\0002\000.\0002\000\040\000N\000\137\000L\000I\000M\000I\000T}{subsection.13.19.2}% 327
\BOOKMARK [3][-]{subsubsection.13.19.2.3}{\376\377\0001\0003\000.\0001\0009\000.\0002\000.\0003\000\040\000P\000i}{subsection.13.19.2}% 328
\BOOKMARK [2][-]{subsection.13.19.3}{\376\377\0001\0003\000.\0001\0009\000.\0003\000\040\000F\000u\000n\000c\000t\000i\000o\000n\000\040\000D\000o\000c\000u\000m\000e\000n\000t\000a\000t\000i\000o\000n}{section.13.19}% 329
\BOOKMARK [3][-]{subsubsection.13.19.3.1}{\376\377\0001\0003\000.\0001\0009\000.\0003\000.\0001\000\040\000p\000r\000o\000c\000e\000s\000s\000\137\000N\000\137\000b\000i\000t\000m\000a\000p\000\050\000\051}{subsection.13.19.3}% 330
\BOOKMARK [1][-]{section.13.20}{\376\377\0001\0003\000.\0002\0000\000\040\000p\000r\000i\000m\000e\000\137\000s\000i\000e\000v\000e\000.\000c}{chapter.13}% 331
\BOOKMARK [1][-]{section.13.21}{\376\377\0001\0003\000.\0002\0001\000\040\000s\000r\000c\000/\000t\000o\000o\000l\000k\000i\000t\000/\000b\000i\000t\000m\000a\000p\000.\000c\000\040\000F\000i\000l\000e\000\040\000R\000e\000f\000e\000r\000e\000n\000c\000e}{chapter.13}% 332
\BOOKMARK [2][-]{subsection.13.21.1}{\376\377\0001\0003\000.\0002\0001\000.\0001\000\040\000D\000e\000t\000a\000i\000l\000e\000d\000\040\000D\000e\000s\000c\000r\000i\000p\000t\000i\000o\000n}{section.13.21}% 333
\BOOKMARK [3][-]{subsubsection.13.21.1.1}{\376\377\0001\0003\000.\0002\0001\000.\0001\000.\0001\000\040\000I\000m\000p\000l\000e\000m\000e\000n\000t\000a\000t\000i\000o\000n\000\040\000N\000o\000t\000e\000s}{subsection.13.21.1}% 334
\BOOKMARK [3][-]{subsubsection.13.21.1.2}{\376\377\0001\0003\000.\0002\0001\000.\0001\000.\0002\000\040\000P\000e\000r\000f\000o\000r\000m\000a\000n\000c\000e\000\040\000C\000h\000a\000r\000a\000c\000t\000e\000r\000i\000s\000t\000i\000c\000s}{subsection.13.21.1}% 335
\BOOKMARK [1][-]{section.13.22}{\376\377\0001\0003\000.\0002\0002\000\040\000b\000i\000t\000m\000a\000p\000.\000c}{chapter.13}% 336
\BOOKMARK [1][-]{section.13.23}{\376\377\0001\0003\000.\0002\0003\000\040\000s\000r\000c\000/\000t\000o\000o\000l\000k\000i\000t\000/\000i\000n\000t\000\137\000a\000r\000r\000a\000y\000s\000.\000c\000\040\000F\000i\000l\000e\000\040\000R\000e\000f\000e\000r\000e\000n\000c\000e}{chapter.13}% 337
\BOOKMARK [2][-]{subsection.13.23.1}{\376\377\0001\0003\000.\0002\0003\000.\0001\000\040\000D\000e\000t\000a\000i\000l\000e\000d\000\040\000D\000e\000s\000c\000r\000i\000p\000t\000i\000o\000n}{section.13.23}% 338
\BOOKMARK [3][-]{subsubsection.13.23.1.1}{\376\377\0001\0003\000.\0002\0003\000.\0001\000.\0001\000\040\000I\000m\000p\000l\000e\000m\000e\000n\000t\000a\000t\000i\000o\000n\000\040\000N\000o\000t\000e\000s}{subsection.13.23.1}% 339
\BOOKMARK [3][-]{subsubsection.13.23.1.2}{\376\377\0001\0003\000.\0002\0003\000.\0001\000.\0002\000\040\000P\000e\000r\000f\000o\000r\000m\000a\000n\000c\000e\000\040\000C\000h\000a\000r\000a\000c\000t\000e\000r\000i\000s\000t\000i\000c\000s}{subsection.13.23.1}% 340
\BOOKMARK [1][-]{section.13.24}{\376\377\0001\0003\000.\0002\0004\000\040\000i\000n\000t\000\137\000a\000r\000r\000a\000y\000s\000.\000c}{chapter.13}% 341
\BOOKMARK [1][-]{section.13.25}{\376\377\0001\0003\000.\0002\0005\000\040\000s\000r\000c\000/\000t\000o\000o\000l\000k\000i\000t\000/\000i\000Z\000\137\000t\000o\000o\000l\000k\000i\000t\000.\000c\000\040\000F\000i\000l\000e\000\040\000R\000e\000f\000e\000r\000e\000n\000c\000e}{chapter.13}% 342
\BOOKMARK [2][-]{subsection.13.25.1}{\376\377\0001\0003\000.\0002\0005\000.\0001\000\040\000D\000e\000t\000a\000i\000l\000e\000d\000\040\000D\000e\000s\000c\000r\000i\000p\000t\000i\000o\000n}{section.13.25}% 343
\BOOKMARK [2][-]{subsection.13.25.2}{\376\377\0001\0003\000.\0002\0005\000.\0002\000\040\000F\000u\000n\000c\000t\000i\000o\000n\000\040\000D\000o\000c\000u\000m\000e\000n\000t\000a\000t\000i\000o\000n}{section.13.25}% 344
\BOOKMARK [3][-]{subsubsection.13.25.2.1}{\376\377\0001\0003\000.\0002\0005\000.\0002\000.\0001\000\040\000c\000o\000m\000p\000u\000t\000e\000\137\000k\000\137\000v\000x\000\050\000\051}{subsection.13.25.2}% 345
\BOOKMARK [3][-]{subsubsection.13.25.2.2}{\376\377\0001\0003\000.\0002\0005\000.\0002\000.\0002\000\040\000v\000x\000\137\000d\000e\000t\000\137\000s\000i\000e\000v\000e\000\050\000\051}{subsection.13.25.2}% 346
\BOOKMARK [3][-]{subsubsection.13.25.2.3}{\376\377\0001\0003\000.\0002\0005\000.\0002\000.\0003\000\040\000v\000x\000\137\000p\000r\000o\000b\000\137\000s\000i\000e\000v\000e\000\050\000\051}{subsection.13.25.2}% 347
\BOOKMARK [3][-]{subsubsection.13.25.2.4}{\376\377\0001\0003\000.\0002\0005\000.\0002\000.\0004\000\040\000v\000x\000\137\000s\000e\000t\000\137\000b\000a\000s\000e\000\137\000v\000a\000l\000u\000e\000s\000\050\000\051}{subsection.13.25.2}% 348
\BOOKMARK [2][-]{subsection.13.25.3}{\376\377\0001\0003\000.\0002\0005\000.\0003\000\040\000V\000a\000r\000i\000a\000b\000l\000e\000\040\000D\000o\000c\000u\000m\000e\000n\000t\000a\000t\000i\000o\000n}{section.13.25}% 349
\BOOKMARK [3][-]{subsubsection.13.25.3.1}{\376\377\0001\0003\000.\0002\0005\000.\0003\000.\0001\000\040\000s\000\137\000p\000r\000i\000m\000e\000s}{subsection.13.25.3}% 350
\BOOKMARK [3][-]{subsubsection.13.25.3.2}{\376\377\0001\0003\000.\0002\0005\000.\0003\000.\0002\000\040\000s\000\137\000p\000r\000i\000m\000e\000s\000\137\000c\000o\000u\000n\000t}{subsection.13.25.3}% 351
\BOOKMARK [1][-]{section.13.26}{\376\377\0001\0003\000.\0002\0006\000\040\000i\000Z\000\137\000t\000o\000o\000l\000k\000i\000t\000.\000c}{chapter.13}% 352
\BOOKMARK [1][-]{section.13.27}{\376\377\0001\0003\000.\0002\0007\000\040\000s\000r\000c\000/\000t\000o\000o\000l\000k\000i\000t\000/\000l\000o\000g\000g\000e\000r\000.\000c\000\040\000F\000i\000l\000e\000\040\000R\000e\000f\000e\000r\000e\000n\000c\000e}{chapter.13}% 353
\BOOKMARK [2][-]{subsection.13.27.1}{\376\377\0001\0003\000.\0002\0007\000.\0001\000\040\000D\000e\000t\000a\000i\000l\000e\000d\000\040\000D\000e\000s\000c\000r\000i\000p\000t\000i\000o\000n}{section.13.27}% 354
\BOOKMARK [1][-]{section.13.28}{\376\377\0001\0003\000.\0002\0008\000\040\000l\000o\000g\000g\000e\000r\000.\000c}{chapter.13}% 355
\BOOKMARK [1][-]{section.13.29}{\376\377\0001\0003\000.\0002\0009\000\040\000s\000r\000c\000/\000t\000o\000o\000l\000k\000i\000t\000/\000p\000r\000i\000n\000t\000\137\000u\000t\000i\000l\000s\000.\000c\000\040\000F\000i\000l\000e\000\040\000R\000e\000f\000e\000r\000e\000n\000c\000e}{chapter.13}% 356
\BOOKMARK [2][-]{subsection.13.29.1}{\376\377\0001\0003\000.\0002\0009\000.\0001\000\040\000D\000e\000t\000a\000i\000l\000e\000d\000\040\000D\000e\000s\000c\000r\000i\000p\000t\000i\000o\000n}{section.13.29}% 357
\BOOKMARK [1][-]{section.13.30}{\376\377\0001\0003\000.\0003\0000\000\040\000p\000r\000i\000n\000t\000\137\000u\000t\000i\000l\000s\000.\000c}{chapter.13}% 358
\BOOKMARK [1][-]{section.13.31}{\376\377\0001\0003\000.\0003\0001\000\040\000s\000r\000c\000/\000t\000o\000o\000l\000k\000i\000t\000/\000s\000t\000o\000p\000w\000a\000t\000c\000h\000.\000c\000\040\000F\000i\000l\000e\000\040\000R\000e\000f\000e\000r\000e\000n\000c\000e}{chapter.13}% 359
\BOOKMARK [2][-]{subsection.13.31.1}{\376\377\0001\0003\000.\0003\0001\000.\0001\000\040\000D\000e\000t\000a\000i\000l\000e\000d\000\040\000D\000e\000s\000c\000r\000i\000p\000t\000i\000o\000n}{section.13.31}% 360
\BOOKMARK [1][-]{section.13.32}{\376\377\0001\0003\000.\0003\0002\000\040\000s\000t\000o\000p\000w\000a\000t\000c\000h\000.\000c}{chapter.13}% 361
\BOOKMARK [1][-]{section.13.33}{\376\377\0001\0003\000.\0003\0003\000\040\000s\000r\000c\000/\000t\000o\000o\000l\000k\000i\000t\000/\000u\000t\000i\000l\000s\000.\000c\000\040\000F\000i\000l\000e\000\040\000R\000e\000f\000e\000r\000e\000n\000c\000e}{chapter.13}% 362
\BOOKMARK [2][-]{subsection.13.33.1}{\376\377\0001\0003\000.\0003\0003\000.\0001\000\040\000D\000e\000t\000a\000i\000l\000e\000d\000\040\000D\000e\000s\000c\000r\000i\000p\000t\000i\000o\000n}{section.13.33}% 363
\BOOKMARK [1][-]{section.13.34}{\376\377\0001\0003\000.\0003\0004\000\040\000u\000t\000i\000l\000s\000.\000c}{chapter.13}% 364
\BOOKMARK [0][-]{chapter.14}{\376\377\0001\0004\000\040\000E\000x\000a\000m\000p\000l\000e\000s}{}% 365
\BOOKMARK [1][-]{section.14.1}{\376\377\0001\0004\000.\0001\000\040\000/\000U\000s\000e\000r\000s\000/\000h\000a\000z\000e\000m\000m\000o\000u\000n\000i\000r\000/\000W\000o\000r\000k\000s\000p\000a\000c\000e\000/\000i\000Z\000p\000r\000o\000j\000e\000c\000t\000/\000i\000Z\000p\000r\000i\000m\000e\000/\000s\000r\000c\000/\000t\000o\000o\000l\000k\000i\000t\000/\000b\000i\000t\000m\000a\000p\000.\000c}{chapter.14}% 366
\BOOKMARK [0][-]{section*.88}{\376\377\000I\000n\000d\000e\000x}{}% 367
