Doxygen version used: 1.16.1
Searching for include files...
Searching for example files...
Searching for images...
Searching for dot files...
Searching for msc files...
Searching for dia files...
Searching for plantuml files...
Searching for files to exclude
Searching for files in directory /Users/hazemmounir/Workspace/iZproject/iZprime/build
Searching for files in directory /Users/hazemmounir/Workspace/iZproject/iZprime/build/pkgconfig
Searching for files in directory /Users/hazemmounir/Workspace/iZproject/iZprime/build/test
Searching for files in directory /Users/hazemmounir/Workspace/iZproject/iZprime/build/test/tests
Searching for files in directory /Users/hazemmounir/Workspace/iZproject/iZprime/build/bin
Searching for files in directory /Users/hazemmounir/Workspace/iZproject/iZprime/build/examples
Searching for files in directory /Users/hazemmounir/Workspace/iZproject/iZprime/build/lib
Searching for files in directory /Users/hazemmounir/Workspace/iZproject/iZprime/build/stage
Searching for files in directory /Users/hazemmounir/Workspace/iZproject/iZprime/build/stage/usr
Searching for files in directory /Users/hazemmounir/Workspace/iZproject/iZprime/build/stage/usr/local
Searching for files in directory /Users/hazemmounir/Workspace/iZproject/iZprime/build/stage/usr/local/bin
Searching for files in directory /Users/hazemmounir/Workspace/iZproject/iZprime/build/stage/usr/local/include
Searching for files in directory /Users/hazemmounir/Workspace/iZproject/iZprime/build/stage/usr/local/lib
Searching for files in directory /Users/hazemmounir/Workspace/iZproject/iZprime/build/stage/usr/local/lib/pkgconfig
Searching for files in directory /Users/hazemmounir/Workspace/iZproject/iZprime/build/src
Searching for files in directory /Users/hazemmounir/Workspace/iZproject/iZprime/build/src/toolkit
Searching for files in directory /Users/hazemmounir/Workspace/iZproject/iZprime/docs/api
Searching for files in directory /Users/hazemmounir/Workspace/iZproject/iZprime/docs/api/latex
Searching for files in directory /Users/hazemmounir/Workspace/iZproject/iZprime/docs/api/html
Searching for files in directory /Users/hazemmounir/Workspace/iZproject/iZprime/docs/api/html/search
Searching for files in directory /Users/hazemmounir/Workspace/iZproject/iZprime/docs/test_results
Searching for files in directory /Users/hazemmounir/Workspace/iZproject/iZprime/logs
Searching for files in directory /Users/hazemmounir/Workspace/iZproject/iZprime/output
Searching for files in directory /Users/hazemmounir/Workspace/iZproject/iZprime/py_tools
Searching for files in directory /Users/hazemmounir/Workspace/iZproject/iZprime/py_tools/__pycache__
Searching INPUT for files to process...
Searching for files in directory /Users/hazemmounir/Workspace/iZproject/iZprime/include
Searching for files in directory /Users/hazemmounir/Workspace/iZproject/iZprime/src
Searching for files in directory /Users/hazemmounir/Workspace/iZproject/iZprime/src/toolkit
Searching for files in directory /Users/hazemmounir/Workspace/iZproject/iZprime/src/toolkit/templates
Searching for files in directory /Users/hazemmounir/Workspace/iZproject/iZprime/docs
Searching for files in directory /Users/hazemmounir/Workspace/iZproject/iZprime/docs/logs
Searching for files in directory /Users/hazemmounir/Workspace/iZproject/iZprime/docs/api
Searching for files in directory /Users/hazemmounir/Workspace/iZproject/iZprime/docs/api/latex
Searching for files in directory /Users/hazemmounir/Workspace/iZproject/iZprime/docs/api/html
Searching for files in directory /Users/hazemmounir/Workspace/iZproject/iZprime/docs/api/html/search
Searching for files in directory /Users/hazemmounir/Workspace/iZproject/iZprime/docs/test_results
Reading and parsing tag files
Parsing files
Preprocessing /Users/hazemmounir/Workspace/iZproject/iZprime/include/bitmap.h...
Parsing file /Users/hazemmounir/Workspace/iZproject/iZprime/include/bitmap.h...
Preprocessing /Users/hazemmounir/Workspace/iZproject/iZprime/include/int_arrays.h...
Parsing file /Users/hazemmounir/Workspace/iZproject/iZprime/include/int_arrays.h...
Preprocessing /Users/hazemmounir/Workspace/iZproject/iZprime/include/iZ_api.h...
Parsing file /Users/hazemmounir/Workspace/iZproject/iZprime/include/iZ_api.h...
Preprocessing /Users/hazemmounir/Workspace/iZproject/iZprime/include/iZ_toolkit.h...
Parsing file /Users/hazemmounir/Workspace/iZproject/iZprime/include/iZ_toolkit.h...
Preprocessing /Users/hazemmounir/Workspace/iZproject/iZprime/include/logger.h...
Parsing file /Users/hazemmounir/Workspace/iZproject/iZprime/include/logger.h...
Preprocessing /Users/hazemmounir/Workspace/iZproject/iZprime/include/test_api.h...
Parsing file /Users/hazemmounir/Workspace/iZproject/iZprime/include/test_api.h...
Preprocessing /Users/hazemmounir/Workspace/iZproject/iZprime/include/utils.h...
Parsing file /Users/hazemmounir/Workspace/iZproject/iZprime/include/utils.h...
Preprocessing /Users/hazemmounir/Workspace/iZproject/iZprime/src/iZ_apps.c...
Parsing file /Users/hazemmounir/Workspace/iZproject/iZprime/src/iZ_apps.c...
Preprocessing /Users/hazemmounir/Workspace/iZproject/iZprime/src/playground.c...
Parsing file /Users/hazemmounir/Workspace/iZproject/iZprime/src/playground.c...
Preprocessing /Users/hazemmounir/Workspace/iZproject/iZprime/src/prime_sieve.c...
Parsing file /Users/hazemmounir/Workspace/iZproject/iZprime/src/prime_sieve.c...
Preprocessing /Users/hazemmounir/Workspace/iZproject/iZprime/src/toolkit/bitmap.c...
Parsing file /Users/hazemmounir/Workspace/iZproject/iZprime/src/toolkit/bitmap.c...
Preprocessing /Users/hazemmounir/Workspace/iZproject/iZprime/src/toolkit/int_arrays.c...
Parsing file /Users/hazemmounir/Workspace/iZproject/iZprime/src/toolkit/int_arrays.c...
Preprocessing /Users/hazemmounir/Workspace/iZproject/iZprime/src/toolkit/iZ_toolkit.c...
Parsing file /Users/hazemmounir/Workspace/iZproject/iZprime/src/toolkit/iZ_toolkit.c...
Preprocessing /Users/hazemmounir/Workspace/iZproject/iZprime/src/toolkit/logger.c...
Parsing file /Users/hazemmounir/Workspace/iZproject/iZprime/src/toolkit/logger.c...
Preprocessing /Users/hazemmounir/Workspace/iZproject/iZprime/src/toolkit/print_utils.c...
Parsing file /Users/hazemmounir/Workspace/iZproject/iZprime/src/toolkit/print_utils.c...
Preprocessing /Users/hazemmounir/Workspace/iZproject/iZprime/src/toolkit/stopwatch.c...
Parsing file /Users/hazemmounir/Workspace/iZproject/iZprime/src/toolkit/stopwatch.c...
Preprocessing /Users/hazemmounir/Workspace/iZproject/iZprime/src/toolkit/utils.c...
Parsing file /Users/hazemmounir/Workspace/iZproject/iZprime/src/toolkit/utils.c...
Reading /Users/hazemmounir/Workspace/iZproject/iZprime/docs/benchmarks.md...
Reading /Users/hazemmounir/Workspace/iZproject/iZprime/docs/cli.md...
Reading /Users/hazemmounir/Workspace/iZproject/iZprime/docs/contribute.md...
Reading /Users/hazemmounir/Workspace/iZproject/iZprime/docs/mainpage.md...
Reading /Users/hazemmounir/Workspace/iZproject/iZprime/docs/Makefile.md...
Reading /Users/hazemmounir/Workspace/iZproject/iZprime/docs/release.md...
Reading /Users/hazemmounir/Workspace/iZproject/iZprime/docs/tests.md...
Building macro definition list...
Building group list...
Building directory list...
Building namespace list...
Building file list...
Building class list...
Building concept list...
Computing nesting relations for classes...
Associating documentation with classes...
Associating documentation with concepts...
Associating documentation with modules...
Building example list...
Searching for enumerations...
Searching for documented typedefs...
Searching for members imported via using declarations...
Searching for included using directives...
Searching for documented variables...
Building interface member list...
Building member list...
Searching for friends...
Searching for documented defines...
Computing class inheritance relations...
Computing class usage relations...
Flushing cached template relations that have become invalid...
Warn for undocumented namespaces...
Computing class relations...
Add enum values to enums...
Searching for member function documentation...
Creating members for template instances...
Building page list...
Building requirements list...
Search for main page...
Computing page relations...
Determining the scope of groups...
Computing module relations...
Sorting lists...
Determining which enums are documented
Computing member relations...
Building full member lists recursively...
Adding members to member groups.
Computing member references...
Inheriting documentation...
Generating disk names...
Adding source references...
Adding xrefitems...
Adding requirements...
Sorting member lists...
Setting anonymous enum type...
Computing dependencies between directories...
Generating citations page...
Counting members...
Counting data structures...
Resolving user defined references...
Finding anchors and sections in the documentation...
Transferring function references...
Combining using relations...
Adding members to index pages...
Correcting members for VHDL...
Computing tooltip texts...
Generating style sheet...
Generating search indices...
Generating example documentation...
Generating docs for example /Users/hazemmounir/Workspace/iZproject/iZprime/src/toolkit/bitmap.c...
Generating file sources...
Parsing code for file docs/benchmarks.md...
Parsing code for file docs/cli.md...
Parsing code for file docs/contribute.md...
Parsing code for file docs/mainpage.md...
Parsing code for file docs/Makefile.md...
Parsing code for file docs/release.md...
Parsing code for file docs/tests.md...
Generating code for file include/bitmap.h...
Generating code for file include/int_arrays.h...
Generating code for file include/iZ_api.h...
Generating code for file include/iZ_toolkit.h...
Generating code for file include/logger.h...
Generating code for file include/test_api.h...
Generating code for file include/utils.h...
Generating code for file src/iZ_apps.c...
Generating code for file src/playground.c...
Generating code for file src/prime_sieve.c...
Generating code for file src/toolkit/bitmap.c...
Generating code for file src/toolkit/int_arrays.c...
Generating code for file src/toolkit/iZ_toolkit.c...
Generating code for file src/toolkit/logger.c...
Generating code for file src/toolkit/print_utils.c...
Generating code for file src/toolkit/stopwatch.c...
Generating code for file src/toolkit/utils.c...
Generating file documentation...
Generating docs for file include/bitmap.h...
Generating docs for file include/int_arrays.h...
Generating docs for file include/iZ_api.h...
Generating docs for file include/iZ_toolkit.h...
Generating docs for file include/logger.h...
Generating docs for file include/test_api.h...
Generating docs for file include/utils.h...
Generating docs for file src/iZ_apps.c...
Generating docs for file src/playground.c...
Generating docs for file src/prime_sieve.c...
Generating docs for file src/toolkit/bitmap.c...
Generating docs for file src/toolkit/int_arrays.c...
Generating docs for file src/toolkit/iZ_toolkit.c...
Generating docs for file src/toolkit/logger.c...
Generating docs for file src/toolkit/print_utils.c...
Generating docs for file src/toolkit/stopwatch.c...
Generating docs for file src/toolkit/utils.c...
Generating page documentation...
Generating docs for page md_docs_2benchmarks...
Generating docs for page md_docs_2cli...
Generating docs for page md_docs_2contribute...
Generating docs for page md_docs_2_makefile...
Generating docs for page md_docs_2release...
Generating docs for page md_docs_2tests...
Generating group documentation...
Generating class documentation...
Generating docs for compound BITMAP...
Generating docs for compound INPUT_SIEVE_RANGE...
Generating docs for compound IZM...
Generating docs for compound IZM_RANGE_INFO...
Generating docs for compound SIEVE_LIMIT...
Generating docs for compound SIEVE_MODEL...
Generating docs for compound STOPWATCH...
Generating docs for compound UI16_ARRAY...
Generating docs for compound UI32_ARRAY...
Generating docs for compound UI64_ARRAY...
Generating docs for compound VX_SEG...
Generating concept documentation...
Generating module documentation...
Generating namespace documentation...
Generating graph info page...
Generating directory documentation...
Generating index page...
Generating main page...
Generating page index...
Generating topic index...
Generating module index...
Generating module member index...
Generating namespace index...
Generating namespace member index...
Generating concept index...
Generating annotated compound index...
Generating alphabetical compound index...
Generating hierarchical class index...
Generating member index...
Generating file index...
Generating file member index...
Generating example index...
finalizing index lists...
writing tag file...
Running plantuml with JAVA...
type lookup cache used 203/65536 hits=1007 misses=215
symbol lookup cache used 852/65536 hits=2520 misses=852
finished...
